[ 2017-06-27T09:12:42+08:00 ] 192.168.18.193 /tangguowu/index.php/Index/collect.html
INFO: [ app_begin ] --START--
INFO: Run Behavior\ReadHtmlCacheBehavior [ RunTime:0.001000s ]
INFO: [ app_begin ] --END-- [ RunTime:0.001000s ]
SQL: SHOW COLUMNS FROM `tgwu_wares` [ RunTime:0.0070s ]
SQL: UPDATE `tgwu_wares` SET `collTimes`=collTimes+1 WHERE ( id = 20 ) [ RunTime:0.0480s ]

[ 2017-06-27T09:40:39+08:00 ] ::1 /tangguowu/index.php/Index/collect.html
INFO: [ app_begin ] --START--
INFO: Run Behavior\ReadHtmlCacheBehavior [ RunTime:0.000000s ]
INFO: [ app_begin ] --END-- [ RunTime:0.001000s ]
SQL: SHOW COLUMNS FROM `tgwu_wares` [ RunTime:0.0070s ]
SQL: UPDATE `tgwu_wares` SET `collTimes`=collTimes+1 WHERE ( id = 17 ) [ RunTime:0.0280s ]

[ 2017-06-27T09:50:13+08:00 ] ::1 /tangguowu/index.php/Index/collect.html
INFO: [ app_begin ] --START--
INFO: Run Behavior\ReadHtmlCacheBehavior [ RunTime:0.000000s ]
INFO: [ app_begin ] --END-- [ RunTime:0.001001s ]
SQL: SHOW COLUMNS FROM `tgwu_wares` [ RunTime:0.0070s ]
SQL: UPDATE `tgwu_wares` SET `collTimes`=collTimes+1 WHERE ( id = 21 ) [ RunTime:0.0330s ]

[ 2017-06-27T09:50:16+08:00 ] ::1 /tangguowu/index.php/Index/collect.html
INFO: [ app_begin ] --START--
INFO: Run Behavior\ReadHtmlCacheBehavior [ RunTime:0.001000s ]
INFO: [ app_begin ] --END-- [ RunTime:0.001000s ]
SQL: SHOW COLUMNS FROM `tgwu_wares` [ RunTime:0.0070s ]
SQL: UPDATE `tgwu_wares` SET `collTimes`=collTimes+1 WHERE ( id = 21 ) [ RunTime:0.0330s ]

[ 2017-06-27T09:50:18+08:00 ] ::1 /tangguowu/index.php/Index/collect.html
INFO: [ app_begin ] --START--
INFO: Run Behavior\ReadHtmlCacheBehavior [ RunTime:0.001000s ]
INFO: [ app_begin ] --END-- [ RunTime:0.001000s ]
SQL: SHOW COLUMNS FROM `tgwu_wares` [ RunTime:0.0070s ]
SQL: UPDATE `tgwu_wares` SET `collTimes`=collTimes+1 WHERE ( id = 21 ) [ RunTime:0.1140s ]

[ 2017-06-27T09:50:18+08:00 ] ::1 /tangguowu/index.php/Index/collect.html
INFO: [ app_begin ] --START--
INFO: Run Behavior\ReadHtmlCacheBehavior [ RunTime:0.000000s ]
INFO: [ app_begin ] --END-- [ RunTime:0.000000s ]
SQL: SHOW COLUMNS FROM `tgwu_wares` [ RunTime:0.0070s ]
SQL: UPDATE `tgwu_wares` SET `collTimes`=collTimes+1 WHERE ( id = 21 ) [ RunTime:0.0380s ]

[ 2017-06-27T09:51:33+08:00 ] ::1 /tangguowu/index.php/Index/collect.html
INFO: [ app_begin ] --START--
INFO: Run Behavior\ReadHtmlCacheBehavior [ RunTime:0.000000s ]
INFO: [ app_begin ] --END-- [ RunTime:0.000000s ]
SQL: SHOW COLUMNS FROM `tgwu_wares` [ RunTime:0.0070s ]
SQL: UPDATE `tgwu_wares` SET `collTimes`=collTimes+1 WHERE ( id = 21 ) [ RunTime:0.0330s ]

[ 2017-06-27T09:51:36+08:00 ] ::1 /tangguowu/index.php/Index/collect.html
INFO: [ app_begin ] --START--
INFO: Run Behavior\ReadHtmlCacheBehavior [ RunTime:0.001000s ]
INFO: [ app_begin ] --END-- [ RunTime:0.001000s ]
SQL: SHOW COLUMNS FROM `tgwu_wares` [ RunTime:0.0070s ]
SQL: UPDATE `tgwu_wares` SET `collTimes`=collTimes+1 WHERE ( id = 21 ) [ RunTime:0.0320s ]

[ 2017-06-27T09:54:18+08:00 ] ::1 /tangguowu/index.php/Index/collect.html
INFO: [ app_begin ] --START--
INFO: Run Behavior\ReadHtmlCacheBehavior [ RunTime:0.000000s ]
INFO: [ app_begin ] --END-- [ RunTime:0.001000s ]
SQL: SHOW COLUMNS FROM `tgwu_wares` [ RunTime:0.0030s ]
SQL: UPDATE `tgwu_wares` SET `collTimes`=collTimes+1 WHERE ( id = 17 ) [ RunTime:0.0270s ]

[ 2017-06-27T09:54:19+08:00 ] ::1 /tangguowu/index.php/Index/collect.html
INFO: [ app_begin ] --START--
INFO: Run Behavior\ReadHtmlCacheBehavior [ RunTime:0.001000s ]
INFO: [ app_begin ] --END-- [ RunTime:0.001000s ]
SQL: SHOW COLUMNS FROM `tgwu_wares` [ RunTime:0.0030s ]
SQL: UPDATE `tgwu_wares` SET `collTimes`=collTimes+1 WHERE ( id = 17 ) [ RunTime:0.0370s ]

[ 2017-06-27T09:54:31+08:00 ] ::1 /tangguowu/index.php/Index/collect.html
INFO: [ app_begin ] --START--
INFO: Run Behavior\ReadHtmlCacheBehavior [ RunTime:0.000000s ]
INFO: [ app_begin ] --END-- [ RunTime:0.001000s ]
SQL: SHOW COLUMNS FROM `tgwu_wares` [ RunTime:0.0030s ]
SQL: UPDATE `tgwu_wares` SET `collTimes`=collTimes+1 WHERE ( id = 17 ) [ RunTime:0.0310s ]

[ 2017-06-27T09:54:31+08:00 ] ::1 /tangguowu/index.php/Index/collect.html
INFO: [ app_begin ] --START--
INFO: Run Behavior\ReadHtmlCacheBehavior [ RunTime:0.001000s ]
INFO: [ app_begin ] --END-- [ RunTime:0.001000s ]
SQL: SHOW COLUMNS FROM `tgwu_wares` [ RunTime:0.0030s ]
SQL: UPDATE `tgwu_wares` SET `collTimes`=collTimes+1 WHERE ( id = 17 ) [ RunTime:0.0330s ]

[ 2017-06-27T09:54:32+08:00 ] ::1 /tangguowu/index.php/Index/collect.html
INFO: [ app_begin ] --START--
INFO: Run Behavior\ReadHtmlCacheBehavior [ RunTime:0.000000s ]
INFO: [ app_begin ] --END-- [ RunTime:0.001000s ]
SQL: SHOW COLUMNS FROM `tgwu_wares` [ RunTime:0.0030s ]
SQL: UPDATE `tgwu_wares` SET `collTimes`=collTimes+1 WHERE ( id = 17 ) [ RunTime:0.0380s ]

[ 2017-06-27T09:54:34+08:00 ] ::1 /tangguowu/index.php/Index/collect.html
INFO: [ app_begin ] --START--
INFO: Run Behavior\ReadHtmlCacheBehavior [ RunTime:0.001000s ]
INFO: [ app_begin ] --END-- [ RunTime:0.001000s ]
SQL: SHOW COLUMNS FROM `tgwu_wares` [ RunTime:0.0030s ]
SQL: UPDATE `tgwu_wares` SET `collTimes`=collTimes+1 WHERE ( id = 17 ) [ RunTime:0.0220s ]

[ 2017-06-27T10:03:41+08:00 ] ::1 /tangguowu/index.php/Index/collect.html
INFO: [ app_begin ] --START--
INFO: Run Behavior\ReadHtmlCacheBehavior [ RunTime:0.000000s ]
INFO: [ app_begin ] --END-- [ RunTime:0.000000s ]
SQL: SHOW COLUMNS FROM `tgwu_wares` [ RunTime:0.0030s ]
SQL: UPDATE `tgwu_wares` SET `collTimes`=collTimes+1 WHERE ( id = 17 ) [ RunTime:0.0410s ]

[ 2017-06-27T10:03:42+08:00 ] ::1 /tangguowu/index.php/Index/collect.html
INFO: [ app_begin ] --START--
INFO: Run Behavior\ReadHtmlCacheBehavior [ RunTime:0.000000s ]
INFO: [ app_begin ] --END-- [ RunTime:0.001000s ]
SQL: SHOW COLUMNS FROM `tgwu_wares` [ RunTime:0.0140s ]
SQL: UPDATE `tgwu_wares` SET `collTimes`=collTimes+1 WHERE ( id = 17 ) [ RunTime:0.0260s ]

[ 2017-06-27T10:03:46+08:00 ] ::1 /tangguowu/index.php/Index/collect.html
INFO: [ app_begin ] --START--
INFO: Run Behavior\ReadHtmlCacheBehavior [ RunTime:0.001000s ]
INFO: [ app_begin ] --END-- [ RunTime:0.001000s ]
SQL: SHOW COLUMNS FROM `tgwu_wares` [ RunTime:0.0030s ]
SQL: UPDATE `tgwu_wares` SET `collTimes`=collTimes+1 WHERE ( id = 17 ) [ RunTime:0.0290s ]

[ 2017-06-27T10:03:46+08:00 ] ::1 /tangguowu/index.php/Index/collect.html
INFO: [ app_begin ] --START--
INFO: Run Behavior\ReadHtmlCacheBehavior [ RunTime:0.000000s ]
INFO: [ app_begin ] --END-- [ RunTime:0.001000s ]
SQL: SHOW COLUMNS FROM `tgwu_wares` [ RunTime:0.0040s ]
SQL: UPDATE `tgwu_wares` SET `collTimes`=collTimes+1 WHERE ( id = 17 ) [ RunTime:0.0370s ]

[ 2017-06-27T10:03:46+08:00 ] ::1 /tangguowu/index.php/Index/collect.html
INFO: [ app_begin ] --START--
INFO: Run Behavior\ReadHtmlCacheBehavior [ RunTime:0.000000s ]
INFO: [ app_begin ] --END-- [ RunTime:0.000000s ]
SQL: SHOW COLUMNS FROM `tgwu_wares` [ RunTime:0.0030s ]
SQL: UPDATE `tgwu_wares` SET `collTimes`=collTimes+1 WHERE ( id = 17 ) [ RunTime:0.1720s ]

[ 2017-06-27T10:03:46+08:00 ] ::1 /tangguowu/index.php/Index/collect.html
INFO: [ app_begin ] --START--
INFO: Run Behavior\ReadHtmlCacheBehavior [ RunTime:0.000000s ]
INFO: [ app_begin ] --END-- [ RunTime:0.001001s ]
SQL: SHOW COLUMNS FROM `tgwu_wares` [ RunTime:0.0040s ]
SQL: UPDATE `tgwu_wares` SET `collTimes`=collTimes+1 WHERE ( id = 17 ) [ RunTime:0.0270s ]

[ 2017-06-27T10:03:46+08:00 ] ::1 /tangguowu/index.php/Index/collect.html
INFO: [ app_begin ] --START--
INFO: Run Behavior\ReadHtmlCacheBehavior [ RunTime:0.000000s ]
INFO: [ app_begin ] --END-- [ RunTime:0.001000s ]
SQL: SHOW COLUMNS FROM `tgwu_wares` [ RunTime:0.0030s ]
SQL: UPDATE `tgwu_wares` SET `collTimes`=collTimes+1 WHERE ( id = 17 ) [ RunTime:0.0290s ]

[ 2017-06-27T10:03:46+08:00 ] ::1 /tangguowu/index.php/Index/collect.html
INFO: [ app_begin ] --START--
INFO: Run Behavior\ReadHtmlCacheBehavior [ RunTime:0.000000s ]
INFO: [ app_begin ] --END-- [ RunTime:0.001000s ]
SQL: SHOW COLUMNS FROM `tgwu_wares` [ RunTime:0.0030s ]
SQL: UPDATE `tgwu_wares` SET `collTimes`=collTimes+1 WHERE ( id = 17 ) [ RunTime:0.0640s ]

[ 2017-06-27T10:03:46+08:00 ] ::1 /tangguowu/index.php/Index/collect.html
INFO: [ app_begin ] --START--
INFO: Run Behavior\ReadHtmlCacheBehavior [ RunTime:0.000000s ]
INFO: [ app_begin ] --END-- [ RunTime:0.001000s ]
SQL: SHOW COLUMNS FROM `tgwu_wares` [ RunTime:0.0030s ]
SQL: UPDATE `tgwu_wares` SET `collTimes`=collTimes+1 WHERE ( id = 17 ) [ RunTime:0.0410s ]

[ 2017-06-27T10:03:47+08:00 ] ::1 /tangguowu/index.php/Index/collect.html
INFO: [ app_begin ] --START--
INFO: Run Behavior\ReadHtmlCacheBehavior [ RunTime:0.000000s ]
INFO: [ app_begin ] --END-- [ RunTime:0.000000s ]
SQL: SHOW COLUMNS FROM `tgwu_wares` [ RunTime:0.0030s ]
SQL: UPDATE `tgwu_wares` SET `collTimes`=collTimes+1 WHERE ( id = 17 ) [ RunTime:0.0300s ]

[ 2017-06-27T10:03:47+08:00 ] ::1 /tangguowu/index.php/Index/collect.html
INFO: [ app_begin ] --START--
INFO: Run Behavior\ReadHtmlCacheBehavior [ RunTime:0.001000s ]
INFO: [ app_begin ] --END-- [ RunTime:0.001000s ]
SQL: SHOW COLUMNS FROM `tgwu_wares` [ RunTime:0.0030s ]
SQL: UPDATE `tgwu_wares` SET `collTimes`=collTimes+1 WHERE ( id = 17 ) [ RunTime:0.0230s ]

[ 2017-06-27T10:03:47+08:00 ] ::1 /tangguowu/index.php/Index/collect.html
INFO: [ app_begin ] --START--
INFO: Run Behavior\ReadHtmlCacheBehavior [ RunTime:0.001000s ]
INFO: [ app_begin ] --END-- [ RunTime:0.001000s ]
SQL: SHOW COLUMNS FROM `tgwu_wares` [ RunTime:0.0040s ]
SQL: UPDATE `tgwu_wares` SET `collTimes`=collTimes+1 WHERE ( id = 17 ) [ RunTime:0.0290s ]

[ 2017-06-27T10:03:50+08:00 ] ::1 /tangguowu/index.php/Index/collect.html
INFO: [ app_begin ] --START--
INFO: Run Behavior\ReadHtmlCacheBehavior [ RunTime:0.000000s ]
INFO: [ app_begin ] --END-- [ RunTime:0.001000s ]
SQL: SHOW COLUMNS FROM `tgwu_wares` [ RunTime:0.0030s ]
SQL: UPDATE `tgwu_wares` SET `collTimes`=collTimes+1 WHERE ( id = 17 ) [ RunTime:0.0320s ]

[ 2017-06-27T10:03:51+08:00 ] ::1 /tangguowu/index.php/Index/collect.html
INFO: [ app_begin ] --START--
INFO: Run Behavior\ReadHtmlCacheBehavior [ RunTime:0.000000s ]
INFO: [ app_begin ] --END-- [ RunTime:0.001000s ]
SQL: SHOW COLUMNS FROM `tgwu_wares` [ RunTime:0.0030s ]
SQL: UPDATE `tgwu_wares` SET `collTimes`=collTimes+1 WHERE ( id = 17 ) [ RunTime:0.0280s ]

[ 2017-06-27T10:03:51+08:00 ] ::1 /tangguowu/index.php/Index/collect.html
INFO: [ app_begin ] --START--
INFO: Run Behavior\ReadHtmlCacheBehavior [ RunTime:0.000000s ]
INFO: [ app_begin ] --END-- [ RunTime:0.001000s ]
SQL: SHOW COLUMNS FROM `tgwu_wares` [ RunTime:0.0030s ]
SQL: UPDATE `tgwu_wares` SET `collTimes`=collTimes+1 WHERE ( id = 17 ) [ RunTime:0.0310s ]

[ 2017-06-27T10:03:51+08:00 ] ::1 /tangguowu/index.php/Index/collect.html
INFO: [ app_begin ] --START--
INFO: Run Behavior\ReadHtmlCacheBehavior [ RunTime:0.001000s ]
INFO: [ app_begin ] --END-- [ RunTime:0.001000s ]
SQL: SHOW COLUMNS FROM `tgwu_wares` [ RunTime:0.0040s ]
SQL: UPDATE `tgwu_wares` SET `collTimes`=collTimes+1 WHERE ( id = 17 ) [ RunTime:0.0270s ]

[ 2017-06-27T10:04:12+08:00 ] ::1 /tangguowu/index.php/Index/collect.html
INFO: [ app_begin ] --START--
INFO: Run Behavior\ReadHtmlCacheBehavior [ RunTime:0.001000s ]
INFO: [ app_begin ] --END-- [ RunTime:0.001000s ]
SQL: SHOW COLUMNS FROM `tgwu_wares` [ RunTime:0.0030s ]
SQL: UPDATE `tgwu_wares` SET `collTimes`=collTimes+1 WHERE ( id = 17 ) [ RunTime:0.0420s ]

[ 2017-06-27T10:04:13+08:00 ] ::1 /tangguowu/index.php/Index/collect.html
INFO: [ app_begin ] --START--
INFO: Run Behavior\ReadHtmlCacheBehavior [ RunTime:0.001000s ]
INFO: [ app_begin ] --END-- [ RunTime:0.001000s ]
SQL: SHOW COLUMNS FROM `tgwu_wares` [ RunTime:0.0030s ]
SQL: UPDATE `tgwu_wares` SET `collTimes`=collTimes+1 WHERE ( id = 17 ) [ RunTime:0.0390s ]

[ 2017-06-27T10:04:13+08:00 ] ::1 /tangguowu/index.php/Index/collect.html
INFO: [ app_begin ] --START--
INFO: Run Behavior\ReadHtmlCacheBehavior [ RunTime:0.000000s ]
INFO: [ app_begin ] --END-- [ RunTime:0.000000s ]
SQL: SHOW COLUMNS FROM `tgwu_wares` [ RunTime:0.0040s ]
SQL: UPDATE `tgwu_wares` SET `collTimes`=collTimes+1 WHERE ( id = 17 ) [ RunTime:0.0340s ]

[ 2017-06-27T10:04:14+08:00 ] ::1 /tangguowu/index.php/Index/collect.html
INFO: [ app_begin ] --START--
INFO: Run Behavior\ReadHtmlCacheBehavior [ RunTime:0.000000s ]
INFO: [ app_begin ] --END-- [ RunTime:0.000000s ]
SQL: SHOW COLUMNS FROM `tgwu_wares` [ RunTime:0.0030s ]
SQL: UPDATE `tgwu_wares` SET `collTimes`=collTimes+1 WHERE ( id = 18 ) [ RunTime:0.0260s ]

[ 2017-06-27T10:04:14+08:00 ] ::1 /tangguowu/index.php/Index/collect.html
INFO: [ app_begin ] --START--
INFO: Run Behavior\ReadHtmlCacheBehavior [ RunTime:0.001000s ]
INFO: [ app_begin ] --END-- [ RunTime:0.001000s ]
SQL: SHOW COLUMNS FROM `tgwu_wares` [ RunTime:0.0030s ]
SQL: UPDATE `tgwu_wares` SET `collTimes`=collTimes+1 WHERE ( id = 18 ) [ RunTime:0.0410s ]

[ 2017-06-27T10:04:15+08:00 ] ::1 /tangguowu/index.php/Index/collect.html
INFO: [ app_begin ] --START--
INFO: Run Behavior\ReadHtmlCacheBehavior [ RunTime:0.000000s ]
INFO: [ app_begin ] --END-- [ RunTime:0.000000s ]
SQL: SHOW COLUMNS FROM `tgwu_wares` [ RunTime:0.0030s ]
SQL: UPDATE `tgwu_wares` SET `collTimes`=collTimes+1 WHERE ( id = 20 ) [ RunTime:0.0210s ]

[ 2017-06-27T10:04:15+08:00 ] ::1 /tangguowu/index.php/Index/collect.html
INFO: [ app_begin ] --START--
INFO: Run Behavior\ReadHtmlCacheBehavior [ RunTime:0.001000s ]
INFO: [ app_begin ] --END-- [ RunTime:0.001000s ]
SQL: SHOW COLUMNS FROM `tgwu_wares` [ RunTime:0.0030s ]
SQL: UPDATE `tgwu_wares` SET `collTimes`=collTimes+1 WHERE ( id = 20 ) [ RunTime:0.0410s ]

[ 2017-06-27T10:04:15+08:00 ] ::1 /tangguowu/index.php/Index/collect.html
INFO: [ app_begin ] --START--
INFO: Run Behavior\ReadHtmlCacheBehavior [ RunTime:0.000000s ]
INFO: [ app_begin ] --END-- [ RunTime:0.000000s ]
SQL: SHOW COLUMNS FROM `tgwu_wares` [ RunTime:0.0030s ]
SQL: UPDATE `tgwu_wares` SET `collTimes`=collTimes+1 WHERE ( id = 20 ) [ RunTime:0.0300s ]

[ 2017-06-27T10:04:16+08:00 ] ::1 /tangguowu/index.php/Index/collect.html
INFO: [ app_begin ] --START--
INFO: Run Behavior\ReadHtmlCacheBehavior [ RunTime:0.000000s ]
INFO: [ app_begin ] --END-- [ RunTime:0.000000s ]
SQL: SHOW COLUMNS FROM `tgwu_wares` [ RunTime:0.0030s ]
SQL: UPDATE `tgwu_wares` SET `collTimes`=collTimes+1 WHERE ( id = 20 ) [ RunTime:0.0480s ]

[ 2017-06-27T10:04:16+08:00 ] ::1 /tangguowu/index.php/Index/collect.html
INFO: [ app_begin ] --START--
INFO: Run Behavior\ReadHtmlCacheBehavior [ RunTime:0.000000s ]
INFO: [ app_begin ] --END-- [ RunTime:0.000000s ]
SQL: SHOW COLUMNS FROM `tgwu_wares` [ RunTime:0.0030s ]
SQL: UPDATE `tgwu_wares` SET `collTimes`=collTimes+1 WHERE ( id = 20 ) [ RunTime:0.0400s ]

[ 2017-06-27T10:04:39+08:00 ] ::1 /tangguowu/index.php/Index/collect.html
INFO: [ app_begin ] --START--
INFO: Run Behavior\ReadHtmlCacheBehavior [ RunTime:0.001000s ]
INFO: [ app_begin ] --END-- [ RunTime:0.001000s ]
SQL: SHOW COLUMNS FROM `tgwu_wares` [ RunTime:0.0040s ]
SQL: UPDATE `tgwu_wares` SET `collTimes`=collTimes+1 WHERE ( id = 17 ) [ RunTime:0.0330s ]

[ 2017-06-27T10:04:40+08:00 ] ::1 /tangguowu/index.php/Index/collect.html
INFO: [ app_begin ] --START--
INFO: Run Behavior\ReadHtmlCacheBehavior [ RunTime:0.000000s ]
INFO: [ app_begin ] --END-- [ RunTime:0.001000s ]
SQL: SHOW COLUMNS FROM `tgwu_wares` [ RunTime:0.0040s ]
SQL: UPDATE `tgwu_wares` SET `collTimes`=collTimes+1 WHERE ( id = 17 ) [ RunTime:0.0270s ]

[ 2017-06-27T10:05:03+08:00 ] ::1 /tangguowu/index.php/Index/collect.html
INFO: [ app_begin ] --START--
INFO: Run Behavior\ReadHtmlCacheBehavior [ RunTime:0.000000s ]
INFO: [ app_begin ] --END-- [ RunTime:0.001000s ]
SQL: SHOW COLUMNS FROM `tgwu_wares` [ RunTime:0.0030s ]
SQL: UPDATE `tgwu_wares` SET `collTimes`=collTimes+1 WHERE ( id = 17 ) [ RunTime:0.0300s ]

[ 2017-06-27T10:05:04+08:00 ] ::1 /tangguowu/index.php/Index/collect.html
INFO: [ app_begin ] --START--
INFO: Run Behavior\ReadHtmlCacheBehavior [ RunTime:0.001000s ]
INFO: [ app_begin ] --END-- [ RunTime:0.001000s ]
SQL: SHOW COLUMNS FROM `tgwu_wares` [ RunTime:0.0030s ]
SQL: UPDATE `tgwu_wares` SET `collTimes`=collTimes+1 WHERE ( id = 17 ) [ RunTime:0.0320s ]

[ 2017-06-27T10:05:05+08:00 ] ::1 /tangguowu/index.php/Index/collect.html
INFO: [ app_begin ] --START--
INFO: Run Behavior\ReadHtmlCacheBehavior [ RunTime:0.000000s ]
INFO: [ app_begin ] --END-- [ RunTime:0.000000s ]
SQL: SHOW COLUMNS FROM `tgwu_wares` [ RunTime:0.0030s ]
SQL: UPDATE `tgwu_wares` SET `collTimes`=collTimes+1 WHERE ( id = 18 ) [ RunTime:0.0370s ]

[ 2017-06-27T10:05:06+08:00 ] ::1 /tangguowu/index.php/Index/collect.html
INFO: [ app_begin ] --START--
INFO: Run Behavior\ReadHtmlCacheBehavior [ RunTime:0.001000s ]
INFO: [ app_begin ] --END-- [ RunTime:0.001000s ]
SQL: SHOW COLUMNS FROM `tgwu_wares` [ RunTime:0.0030s ]
SQL: UPDATE `tgwu_wares` SET `collTimes`=collTimes+1 WHERE ( id = 18 ) [ RunTime:0.1700s ]

[ 2017-06-27T10:05:06+08:00 ] ::1 /tangguowu/index.php/Index/collect.html
INFO: [ app_begin ] --START--
INFO: Run Behavior\ReadHtmlCacheBehavior [ RunTime:0.001000s ]
INFO: [ app_begin ] --END-- [ RunTime:0.001000s ]
SQL: SHOW COLUMNS FROM `tgwu_wares` [ RunTime:0.0040s ]
SQL: UPDATE `tgwu_wares` SET `collTimes`=collTimes+1 WHERE ( id = 18 ) [ RunTime:0.1560s ]

[ 2017-06-27T10:05:06+08:00 ] ::1 /tangguowu/index.php/Index/collect.html
INFO: [ app_begin ] --START--
INFO: Run Behavior\ReadHtmlCacheBehavior [ RunTime:0.001000s ]
INFO: [ app_begin ] --END-- [ RunTime:0.001000s ]
SQL: SHOW COLUMNS FROM `tgwu_wares` [ RunTime:0.0040s ]
SQL: UPDATE `tgwu_wares` SET `collTimes`=collTimes+1 WHERE ( id = 18 ) [ RunTime:0.0330s ]

[ 2017-06-27T10:05:18+08:00 ] ::1 /tangguowu/index.php/Index/collect.html
INFO: [ app_begin ] --START--
INFO: Run Behavior\ReadHtmlCacheBehavior [ RunTime:0.001000s ]
INFO: [ app_begin ] --END-- [ RunTime:0.001000s ]
SQL: SHOW COLUMNS FROM `tgwu_wares` [ RunTime:0.0030s ]
SQL: UPDATE `tgwu_wares` SET `collTimes`=collTimes+1 WHERE ( id = 17 ) [ RunTime:0.0250s ]

[ 2017-06-27T10:05:18+08:00 ] ::1 /tangguowu/index.php/Index/collect.html
INFO: [ app_begin ] --START--
INFO: Run Behavior\ReadHtmlCacheBehavior [ RunTime:0.000000s ]
INFO: [ app_begin ] --END-- [ RunTime:0.001000s ]
SQL: SHOW COLUMNS FROM `tgwu_wares` [ RunTime:0.0030s ]
SQL: UPDATE `tgwu_wares` SET `collTimes`=collTimes+1 WHERE ( id = 17 ) [ RunTime:0.0290s ]

[ 2017-06-27T10:05:18+08:00 ] ::1 /tangguowu/index.php/Index/collect.html
INFO: [ app_begin ] --START--
INFO: Run Behavior\ReadHtmlCacheBehavior [ RunTime:0.000000s ]
INFO: [ app_begin ] --END-- [ RunTime:0.001000s ]
SQL: SHOW COLUMNS FROM `tgwu_wares` [ RunTime:0.0030s ]
SQL: UPDATE `tgwu_wares` SET `collTimes`=collTimes+1 WHERE ( id = 17 ) [ RunTime:0.0310s ]

[ 2017-06-27T10:05:18+08:00 ] ::1 /tangguowu/index.php/Index/collect.html
INFO: [ app_begin ] --START--
INFO: Run Behavior\ReadHtmlCacheBehavior [ RunTime:0.001000s ]
INFO: [ app_begin ] --END-- [ RunTime:0.001000s ]
SQL: SHOW COLUMNS FROM `tgwu_wares` [ RunTime:0.0030s ]
SQL: UPDATE `tgwu_wares` SET `collTimes`=collTimes+1 WHERE ( id = 17 ) [ RunTime:0.0570s ]

[ 2017-06-27T10:05:19+08:00 ] ::1 /tangguowu/index.php/Index/collect.html
INFO: [ app_begin ] --START--
INFO: Run Behavior\ReadHtmlCacheBehavior [ RunTime:0.001000s ]
INFO: [ app_begin ] --END-- [ RunTime:0.001000s ]
SQL: SHOW COLUMNS FROM `tgwu_wares` [ RunTime:0.0030s ]
SQL: UPDATE `tgwu_wares` SET `collTimes`=collTimes+1 WHERE ( id = 17 ) [ RunTime:0.0250s ]

[ 2017-06-27T10:05:19+08:00 ] ::1 /tangguowu/index.php/Index/collect.html
INFO: [ app_begin ] --START--
INFO: Run Behavior\ReadHtmlCacheBehavior [ RunTime:0.000000s ]
INFO: [ app_begin ] --END-- [ RunTime:0.000000s ]
SQL: SHOW COLUMNS FROM `tgwu_wares` [ RunTime:0.0030s ]
SQL: UPDATE `tgwu_wares` SET `collTimes`=collTimes+1 WHERE ( id = 17 ) [ RunTime:0.0550s ]

[ 2017-06-27T10:06:23+08:00 ] ::1 /tangguowu/index.php/Index/collect.html
INFO: [ app_begin ] --START--
INFO: Run Behavior\ReadHtmlCacheBehavior [ RunTime:0.001000s ]
INFO: [ app_begin ] --END-- [ RunTime:0.001000s ]
SQL: SHOW COLUMNS FROM `tgwu_wares` [ RunTime:0.0030s ]
SQL: UPDATE `tgwu_wares` SET `collTimes`=collTimes+1 WHERE ( id = 17 ) [ RunTime:0.0330s ]

[ 2017-06-27T10:06:24+08:00 ] ::1 /tangguowu/index.php/Index/collect.html
INFO: [ app_begin ] --START--
INFO: Run Behavior\ReadHtmlCacheBehavior [ RunTime:0.000000s ]
INFO: [ app_begin ] --END-- [ RunTime:0.001000s ]
SQL: SHOW COLUMNS FROM `tgwu_wares` [ RunTime:0.0040s ]
SQL: UPDATE `tgwu_wares` SET `collTimes`=collTimes+1 WHERE ( id = 17 ) [ RunTime:0.0320s ]

[ 2017-06-27T10:06:29+08:00 ] ::1 /tangguowu/index.php/Index/collect.html
INFO: [ app_begin ] --START--
INFO: Run Behavior\ReadHtmlCacheBehavior [ RunTime:0.000000s ]
INFO: [ app_begin ] --END-- [ RunTime:0.001000s ]
SQL: SHOW COLUMNS FROM `tgwu_wares` [ RunTime:0.0030s ]
SQL: UPDATE `tgwu_wares` SET `collTimes`=collTimes+1 WHERE ( id = 17 ) [ RunTime:0.0270s ]

[ 2017-06-27T10:06:32+08:00 ] ::1 /tangguowu/index.php/Index/collect.html
INFO: [ app_begin ] --START--
INFO: Run Behavior\ReadHtmlCacheBehavior [ RunTime:0.000000s ]
INFO: [ app_begin ] --END-- [ RunTime:0.001000s ]
SQL: SHOW COLUMNS FROM `tgwu_wares` [ RunTime:0.0030s ]
SQL: UPDATE `tgwu_wares` SET `collTimes`=collTimes+1 WHERE ( id = 17 ) [ RunTime:0.0300s ]

[ 2017-06-27T10:07:49+08:00 ] ::1 /tangguowu/index.php/Index/collect.html
INFO: [ app_begin ] --START--
INFO: Run Behavior\ReadHtmlCacheBehavior [ RunTime:0.000000s ]
INFO: [ app_begin ] --END-- [ RunTime:0.001000s ]
SQL: SHOW COLUMNS FROM `tgwu_wares` [ RunTime:0.0030s ]
SQL: UPDATE `tgwu_wares` SET `collTimes`=collTimes+1 WHERE ( id = 17 ) [ RunTime:0.0370s ]

[ 2017-06-27T10:07:50+08:00 ] ::1 /tangguowu/index.php/Index/collect.html
INFO: [ app_begin ] --START--
INFO: Run Behavior\ReadHtmlCacheBehavior [ RunTime:0.001000s ]
INFO: [ app_begin ] --END-- [ RunTime:0.001000s ]
SQL: SHOW COLUMNS FROM `tgwu_wares` [ RunTime:0.0030s ]
SQL: UPDATE `tgwu_wares` SET `collTimes`=collTimes+1 WHERE ( id = 17 ) [ RunTime:0.0320s ]

[ 2017-06-27T10:08:10+08:00 ] ::1 /tangguowu/index.php/Index/collect.html
INFO: [ app_begin ] --START--
INFO: Run Behavior\ReadHtmlCacheBehavior [ RunTime:0.001000s ]
INFO: [ app_begin ] --END-- [ RunTime:0.001000s ]
SQL: SHOW COLUMNS FROM `tgwu_wares` [ RunTime:0.0030s ]
SQL: UPDATE `tgwu_wares` SET `collTimes`=collTimes+1 WHERE ( id = 17 ) [ RunTime:0.0380s ]

[ 2017-06-27T10:08:11+08:00 ] ::1 /tangguowu/index.php/Index/collect.html
INFO: [ app_begin ] --START--
INFO: Run Behavior\ReadHtmlCacheBehavior [ RunTime:0.001000s ]
INFO: [ app_begin ] --END-- [ RunTime:0.001000s ]
SQL: SHOW COLUMNS FROM `tgwu_wares` [ RunTime:0.0030s ]
SQL: UPDATE `tgwu_wares` SET `collTimes`=collTimes+1 WHERE ( id = 17 ) [ RunTime:0.0250s ]

[ 2017-06-27T10:08:30+08:00 ] ::1 /tangguowu/index.php/Index/collect.html
INFO: [ app_begin ] --START--
INFO: Run Behavior\ReadHtmlCacheBehavior [ RunTime:0.000000s ]
INFO: [ app_begin ] --END-- [ RunTime:0.001000s ]
SQL: SHOW COLUMNS FROM `tgwu_wares` [ RunTime:0.0040s ]
SQL: UPDATE `tgwu_wares` SET `collTimes`=collTimes+1 WHERE ( id = 17 ) [ RunTime:0.0370s ]

[ 2017-06-27T10:08:48+08:00 ] ::1 /tangguowu/index.php/Index/collect.html
INFO: [ app_begin ] --START--
INFO: Run Behavior\ReadHtmlCacheBehavior [ RunTime:0.000000s ]
INFO: [ app_begin ] --END-- [ RunTime:0.000000s ]
SQL: SHOW COLUMNS FROM `tgwu_wares` [ RunTime:0.0030s ]
SQL: UPDATE `tgwu_wares` SET `collTimes`=collTimes+1 WHERE ( id = 17 ) [ RunTime:0.0310s ]

[ 2017-06-27T10:09:42+08:00 ] ::1 /tangguowu/index.php/Index/collect.html
INFO: [ app_begin ] --START--
INFO: Run Behavior\ReadHtmlCacheBehavior [ RunTime:0.000000s ]
INFO: [ app_begin ] --END-- [ RunTime:0.001000s ]
SQL: SHOW COLUMNS FROM `tgwu_wares` [ RunTime:0.0030s ]
SQL: UPDATE `tgwu_wares` SET `collTimes`=collTimes+1 WHERE ( id = 17 ) [ RunTime:0.1170s ]

[ 2017-06-27T10:09:42+08:00 ] ::1 /tangguowu/index.php/Index/collect.html
INFO: [ app_begin ] --START--
INFO: Run Behavior\ReadHtmlCacheBehavior [ RunTime:0.000000s ]
INFO: [ app_begin ] --END-- [ RunTime:0.001000s ]
SQL: SHOW COLUMNS FROM `tgwu_wares` [ RunTime:0.0030s ]
SQL: UPDATE `tgwu_wares` SET `collTimes`=collTimes+1 WHERE ( id = 17 ) [ RunTime:0.0330s ]

[ 2017-06-27T10:09:43+08:00 ] ::1 /tangguowu/index.php/Index/collect.html
INFO: [ app_begin ] --START--
INFO: Run Behavior\ReadHtmlCacheBehavior [ RunTime:0.000000s ]
INFO: [ app_begin ] --END-- [ RunTime:0.000000s ]
SQL: SHOW COLUMNS FROM `tgwu_wares` [ RunTime:0.0030s ]
SQL: UPDATE `tgwu_wares` SET `collTimes`=collTimes+1 WHERE ( id = 18 ) [ RunTime:0.0360s ]

[ 2017-06-27T10:09:44+08:00 ] ::1 /tangguowu/index.php/Index/collect.html
INFO: [ app_begin ] --START--
INFO: Run Behavior\ReadHtmlCacheBehavior [ RunTime:0.001000s ]
INFO: [ app_begin ] --END-- [ RunTime:0.001000s ]
SQL: SHOW COLUMNS FROM `tgwu_wares` [ RunTime:0.0030s ]
SQL: UPDATE `tgwu_wares` SET `collTimes`=collTimes+1 WHERE ( id = 20 ) [ RunTime:0.0300s ]

[ 2017-06-27T10:09:46+08:00 ] ::1 /tangguowu/index.php/Index/collect.html
INFO: [ app_begin ] --START--
INFO: Run Behavior\ReadHtmlCacheBehavior [ RunTime:0.000000s ]
INFO: [ app_begin ] --END-- [ RunTime:0.000000s ]
SQL: SHOW COLUMNS FROM `tgwu_wares` [ RunTime:0.0030s ]
SQL: UPDATE `tgwu_wares` SET `collTimes`=collTimes+1 WHERE ( id = 17 ) [ RunTime:0.0650s ]

[ 2017-06-27T10:09:46+08:00 ] ::1 /tangguowu/index.php/Index/collect.html
INFO: [ app_begin ] --START--
INFO: Run Behavior\ReadHtmlCacheBehavior [ RunTime:0.001000s ]
INFO: [ app_begin ] --END-- [ RunTime:0.001000s ]
SQL: SHOW COLUMNS FROM `tgwu_wares` [ RunTime:0.0030s ]
SQL: UPDATE `tgwu_wares` SET `collTimes`=collTimes+1 WHERE ( id = 17 ) [ RunTime:0.0250s ]

[ 2017-06-27T10:09:46+08:00 ] ::1 /tangguowu/index.php/Index/collect.html
INFO: [ app_begin ] --START--
INFO: Run Behavior\ReadHtmlCacheBehavior [ RunTime:0.000000s ]
INFO: [ app_begin ] --END-- [ RunTime:0.000000s ]
SQL: SHOW COLUMNS FROM `tgwu_wares` [ RunTime:0.0030s ]
SQL: UPDATE `tgwu_wares` SET `collTimes`=collTimes+1 WHERE ( id = 17 ) [ RunTime:0.0270s ]

[ 2017-06-27T10:09:47+08:00 ] ::1 /tangguowu/index.php/Index/collect.html
INFO: [ app_begin ] --START--
INFO: Run Behavior\ReadHtmlCacheBehavior [ RunTime:0.001000s ]
INFO: [ app_begin ] --END-- [ RunTime:0.001000s ]
SQL: SHOW COLUMNS FROM `tgwu_wares` [ RunTime:0.0030s ]
SQL: UPDATE `tgwu_wares` SET `collTimes`=collTimes+1 WHERE ( id = 17 ) [ RunTime:0.0200s ]

[ 2017-06-27T10:15:07+08:00 ] ::1 /tangguowu/index.php/Index/collect.html
INFO: [ app_begin ] --START--
INFO: Run Behavior\ReadHtmlCacheBehavior [ RunTime:0.001000s ]
INFO: [ app_begin ] --END-- [ RunTime:0.001000s ]
SQL: SHOW COLUMNS FROM `tgwu_wares` [ RunTime:0.0030s ]
SQL: UPDATE `tgwu_wares` SET `collTimes`=collTimes+1 WHERE ( id = 17 ) [ RunTime:0.0320s ]

[ 2017-06-27T10:15:10+08:00 ] ::1 /tangguowu/index.php/Index/collect.html
INFO: [ app_begin ] --START--
INFO: Run Behavior\ReadHtmlCacheBehavior [ RunTime:0.000000s ]
INFO: [ app_begin ] --END-- [ RunTime:0.001000s ]
SQL: SHOW COLUMNS FROM `tgwu_wares` [ RunTime:0.0030s ]
SQL: UPDATE `tgwu_wares` SET `collTimes`=collTimes+1 WHERE ( id = 17 ) [ RunTime:0.0780s ]

[ 2017-06-27T10:15:11+08:00 ] ::1 /tangguowu/index.php/Index/collect.html
INFO: [ app_begin ] --START--
INFO: Run Behavior\ReadHtmlCacheBehavior [ RunTime:0.000000s ]
INFO: [ app_begin ] --END-- [ RunTime:0.000000s ]
SQL: SHOW COLUMNS FROM `tgwu_wares` [ RunTime:0.0030s ]
SQL: UPDATE `tgwu_wares` SET `collTimes`=collTimes+1 WHERE ( id = 17 ) [ RunTime:0.0340s ]

[ 2017-06-27T10:15:11+08:00 ] ::1 /tangguowu/index.php/Index/collect.html
INFO: [ app_begin ] --START--
INFO: Run Behavior\ReadHtmlCacheBehavior [ RunTime:0.000000s ]
INFO: [ app_begin ] --END-- [ RunTime:0.000000s ]
SQL: SHOW COLUMNS FROM `tgwu_wares` [ RunTime:0.0030s ]
SQL: UPDATE `tgwu_wares` SET `collTimes`=collTimes+1 WHERE ( id = 17 ) [ RunTime:0.0360s ]

[ 2017-06-27T10:15:11+08:00 ] ::1 /tangguowu/index.php/Index/collect.html
INFO: [ app_begin ] --START--
INFO: Run Behavior\ReadHtmlCacheBehavior [ RunTime:0.000000s ]
INFO: [ app_begin ] --END-- [ RunTime:0.001000s ]
SQL: SHOW COLUMNS FROM `tgwu_wares` [ RunTime:0.0030s ]
SQL: UPDATE `tgwu_wares` SET `collTimes`=collTimes+1 WHERE ( id = 17 ) [ RunTime:0.0320s ]

[ 2017-06-27T10:15:11+08:00 ] ::1 /tangguowu/index.php/Index/collect.html
INFO: [ app_begin ] --START--
INFO: Run Behavior\ReadHtmlCacheBehavior [ RunTime:0.000000s ]
INFO: [ app_begin ] --END-- [ RunTime:0.001000s ]
SQL: SHOW COLUMNS FROM `tgwu_wares` [ RunTime:0.0040s ]
SQL: UPDATE `tgwu_wares` SET `collTimes`=collTimes+1 WHERE ( id = 17 ) [ RunTime:0.0190s ]

[ 2017-06-27T10:15:12+08:00 ] ::1 /tangguowu/index.php/Index/collect.html
INFO: [ app_begin ] --START--
INFO: Run Behavior\ReadHtmlCacheBehavior [ RunTime:0.000000s ]
INFO: [ app_begin ] --END-- [ RunTime:0.001000s ]
SQL: SHOW COLUMNS FROM `tgwu_wares` [ RunTime:0.0040s ]
SQL: UPDATE `tgwu_wares` SET `collTimes`=collTimes+1 WHERE ( id = 17 ) [ RunTime:0.0250s ]

[ 2017-06-27T10:15:48+08:00 ] ::1 /tangguowu/index.php/Index/collect.html
INFO: [ app_begin ] --START--
INFO: Run Behavior\ReadHtmlCacheBehavior [ RunTime:0.000000s ]
INFO: [ app_begin ] --END-- [ RunTime:0.001000s ]
SQL: SHOW COLUMNS FROM `tgwu_wares` [ RunTime:0.0040s ]
SQL: UPDATE `tgwu_wares` SET `collTimes`=collTimes+1 WHERE ( id = 17 ) [ RunTime:0.0330s ]

[ 2017-06-27T10:15:49+08:00 ] ::1 /tangguowu/index.php/Index/collect.html
INFO: [ app_begin ] --START--
INFO: Run Behavior\ReadHtmlCacheBehavior [ RunTime:0.001000s ]
INFO: [ app_begin ] --END-- [ RunTime:0.001000s ]
SQL: SHOW COLUMNS FROM `tgwu_wares` [ RunTime:0.0030s ]
SQL: UPDATE `tgwu_wares` SET `collTimes`=collTimes+1 WHERE ( id = 17 ) [ RunTime:0.0330s ]

[ 2017-06-27T10:15:49+08:00 ] ::1 /tangguowu/index.php/Index/collect.html
INFO: [ app_begin ] --START--
INFO: Run Behavior\ReadHtmlCacheBehavior [ RunTime:0.001000s ]
INFO: [ app_begin ] --END-- [ RunTime:0.001000s ]
SQL: SHOW COLUMNS FROM `tgwu_wares` [ RunTime:0.0030s ]
SQL: UPDATE `tgwu_wares` SET `collTimes`=collTimes+1 WHERE ( id = 17 ) [ RunTime:0.0250s ]

[ 2017-06-27T10:15:49+08:00 ] ::1 /tangguowu/index.php/Index/collect.html
INFO: [ app_begin ] --START--
INFO: Run Behavior\ReadHtmlCacheBehavior [ RunTime:0.000000s ]
INFO: [ app_begin ] --END-- [ RunTime:0.001000s ]
SQL: SHOW COLUMNS FROM `tgwu_wares` [ RunTime:0.0030s ]
SQL: UPDATE `tgwu_wares` SET `collTimes`=collTimes+1 WHERE ( id = 17 ) [ RunTime:0.0310s ]

[ 2017-06-27T10:16:27+08:00 ] ::1 /tangguowu/index.php/Index/collect.html
INFO: [ app_begin ] --START--
INFO: Run Behavior\ReadHtmlCacheBehavior [ RunTime:0.001000s ]
INFO: [ app_begin ] --END-- [ RunTime:0.001000s ]
SQL: SHOW COLUMNS FROM `tgwu_wares` [ RunTime:0.0030s ]
SQL: UPDATE `tgwu_wares` SET `collTimes`=collTimes+1 WHERE ( id = 17 ) [ RunTime:0.0330s ]

[ 2017-06-27T10:16:27+08:00 ] ::1 /tangguowu/index.php/Index/collect.html
INFO: [ app_begin ] --START--
INFO: Run Behavior\ReadHtmlCacheBehavior [ RunTime:0.000000s ]
INFO: [ app_begin ] --END-- [ RunTime:0.001000s ]
SQL: SHOW COLUMNS FROM `tgwu_wares` [ RunTime:0.0040s ]
SQL: UPDATE `tgwu_wares` SET `collTimes`=collTimes+1 WHERE ( id = 17 ) [ RunTime:0.0390s ]

[ 2017-06-27T10:16:27+08:00 ] ::1 /tangguowu/index.php/Index/collect.html
INFO: [ app_begin ] --START--
INFO: Run Behavior\ReadHtmlCacheBehavior [ RunTime:0.001000s ]
INFO: [ app_begin ] --END-- [ RunTime:0.001000s ]
SQL: SHOW COLUMNS FROM `tgwu_wares` [ RunTime:0.0040s ]
SQL: UPDATE `tgwu_wares` SET `collTimes`=collTimes+1 WHERE ( id = 17 ) [ RunTime:0.0220s ]

[ 2017-06-27T10:16:28+08:00 ] ::1 /tangguowu/index.php/Index/collect.html
INFO: [ app_begin ] --START--
INFO: Run Behavior\ReadHtmlCacheBehavior [ RunTime:0.001000s ]
INFO: [ app_begin ] --END-- [ RunTime:0.001000s ]
SQL: SHOW COLUMNS FROM `tgwu_wares` [ RunTime:0.0030s ]
SQL: UPDATE `tgwu_wares` SET `collTimes`=collTimes+1 WHERE ( id = 17 ) [ RunTime:0.0770s ]

[ 2017-06-27T10:16:29+08:00 ] ::1 /tangguowu/index.php/Index/collect.html
INFO: [ app_begin ] --START--
INFO: Run Behavior\ReadHtmlCacheBehavior [ RunTime:0.000000s ]
INFO: [ app_begin ] --END-- [ RunTime:0.001000s ]
SQL: SHOW COLUMNS FROM `tgwu_wares` [ RunTime:0.0030s ]
SQL: UPDATE `tgwu_wares` SET `collTimes`=collTimes+1 WHERE ( id = 18 ) [ RunTime:0.0340s ]

[ 2017-06-27T10:16:29+08:00 ] ::1 /tangguowu/index.php/Index/collect.html
INFO: [ app_begin ] --START--
INFO: Run Behavior\ReadHtmlCacheBehavior [ RunTime:0.000000s ]
INFO: [ app_begin ] --END-- [ RunTime:0.001000s ]
SQL: SHOW COLUMNS FROM `tgwu_wares` [ RunTime:0.0040s ]
SQL: UPDATE `tgwu_wares` SET `collTimes`=collTimes+1 WHERE ( id = 18 ) [ RunTime:0.0320s ]

[ 2017-06-27T10:16:51+08:00 ] ::1 /tangguowu/index.php/Index/collect.html
INFO: [ app_begin ] --START--
INFO: Run Behavior\ReadHtmlCacheBehavior [ RunTime:0.000000s ]
INFO: [ app_begin ] --END-- [ RunTime:0.001000s ]
SQL: SHOW COLUMNS FROM `tgwu_wares` [ RunTime:0.0040s ]
SQL: UPDATE `tgwu_wares` SET `collTimes`=collTimes+1 WHERE ( id = 17 ) [ RunTime:0.0500s ]

[ 2017-06-27T10:16:53+08:00 ] ::1 /tangguowu/index.php/Index/collect.html
INFO: [ app_begin ] --START--
INFO: Run Behavior\ReadHtmlCacheBehavior [ RunTime:0.001000s ]
INFO: [ app_begin ] --END-- [ RunTime:0.001000s ]
SQL: SHOW COLUMNS FROM `tgwu_wares` [ RunTime:0.0030s ]
SQL: UPDATE `tgwu_wares` SET `collTimes`=collTimes+1 WHERE ( id = 17 ) [ RunTime:0.0270s ]

[ 2017-06-27T10:16:54+08:00 ] ::1 /tangguowu/index.php/Index/collect.html
INFO: [ app_begin ] --START--
INFO: Run Behavior\ReadHtmlCacheBehavior [ RunTime:0.000000s ]
INFO: [ app_begin ] --END-- [ RunTime:0.001000s ]
SQL: SHOW COLUMNS FROM `tgwu_wares` [ RunTime:0.0030s ]
SQL: UPDATE `tgwu_wares` SET `collTimes`=collTimes+1 WHERE ( id = 18 ) [ RunTime:0.0360s ]

[ 2017-06-27T10:16:54+08:00 ] ::1 /tangguowu/index.php/Index/collect.html
INFO: [ app_begin ] --START--
INFO: Run Behavior\ReadHtmlCacheBehavior [ RunTime:0.000000s ]
INFO: [ app_begin ] --END-- [ RunTime:0.001000s ]
SQL: SHOW COLUMNS FROM `tgwu_wares` [ RunTime:0.0030s ]
SQL: UPDATE `tgwu_wares` SET `collTimes`=collTimes+1 WHERE ( id = 18 ) [ RunTime:0.0400s ]

[ 2017-06-27T10:16:55+08:00 ] ::1 /tangguowu/index.php/Index/collect.html
INFO: [ app_begin ] --START--
INFO: Run Behavior\ReadHtmlCacheBehavior [ RunTime:0.000000s ]
INFO: [ app_begin ] --END-- [ RunTime:0.000000s ]
SQL: SHOW COLUMNS FROM `tgwu_wares` [ RunTime:0.0030s ]
SQL: UPDATE `tgwu_wares` SET `collTimes`=collTimes+1 WHERE ( id = 20 ) [ RunTime:0.0860s ]

[ 2017-06-27T10:16:56+08:00 ] ::1 /tangguowu/index.php/Index/collect.html
INFO: [ app_begin ] --START--
INFO: Run Behavior\ReadHtmlCacheBehavior [ RunTime:0.000000s ]
INFO: [ app_begin ] --END-- [ RunTime:0.001000s ]
SQL: SHOW COLUMNS FROM `tgwu_wares` [ RunTime:0.0030s ]
SQL: UPDATE `tgwu_wares` SET `collTimes`=collTimes+1 WHERE ( id = 20 ) [ RunTime:0.0280s ]

[ 2017-06-27T10:18:05+08:00 ] ::1 /tangguowu/index.php/Index/collect.html
INFO: [ app_begin ] --START--
INFO: Run Behavior\ReadHtmlCacheBehavior [ RunTime:0.000000s ]
INFO: [ app_begin ] --END-- [ RunTime:0.000000s ]
SQL: SHOW COLUMNS FROM `tgwu_wares` [ RunTime:0.0030s ]
SQL: UPDATE `tgwu_wares` SET `collTimes`=collTimes+1 WHERE ( id = 17 ) [ RunTime:0.0290s ]

[ 2017-06-27T10:18:20+08:00 ] ::1 /tangguowu/index.php/Index/collect.html
INFO: [ app_begin ] --START--
INFO: Run Behavior\ReadHtmlCacheBehavior [ RunTime:0.001000s ]
INFO: [ app_begin ] --END-- [ RunTime:0.001000s ]
SQL: SHOW COLUMNS FROM `tgwu_wares` [ RunTime:0.0030s ]
SQL: UPDATE `tgwu_wares` SET `collTimes`=collTimes+1 WHERE ( id = 17 ) [ RunTime:0.0250s ]

[ 2017-06-27T10:19:02+08:00 ] ::1 /tangguowu/index.php/Index/collect.html
INFO: [ app_begin ] --START--
INFO: Run Behavior\ReadHtmlCacheBehavior [ RunTime:0.000000s ]
INFO: [ app_begin ] --END-- [ RunTime:0.000000s ]
SQL: SHOW COLUMNS FROM `tgwu_wares` [ RunTime:0.0040s ]
SQL: UPDATE `tgwu_wares` SET `collTimes`=collTimes+1 WHERE ( id = 17 ) [ RunTime:0.0330s ]

[ 2017-06-27T10:19:25+08:00 ] ::1 /tangguowu/index.php/Index/collect.html
INFO: [ app_begin ] --START--
INFO: Run Behavior\ReadHtmlCacheBehavior [ RunTime:0.000000s ]
INFO: [ app_begin ] --END-- [ RunTime:0.000000s ]
SQL: SHOW COLUMNS FROM `tgwu_wares` [ RunTime:0.0030s ]
SQL: UPDATE `tgwu_wares` SET `collTimes`=collTimes+1 WHERE ( id = 17 ) [ RunTime:0.0300s ]

[ 2017-06-27T10:26:44+08:00 ] ::1 /tangguowu/index.php/Ware/collect.html
INFO: [ app_begin ] --START--
INFO: Run Behavior\ReadHtmlCacheBehavior [ RunTime:0.001000s ]
INFO: [ app_begin ] --END-- [ RunTime:0.001000s ]
ERR: 非法操作:collect

[ 2017-06-27T10:28:32+08:00 ] ::1 /tangguowu/index.php/Index/collect.html
INFO: [ app_begin ] --START--
INFO: Run Behavior\ReadHtmlCacheBehavior [ RunTime:0.000000s ]
INFO: [ app_begin ] --END-- [ RunTime:0.000000s ]
SQL: SHOW COLUMNS FROM `tgwu_wares` [ RunTime:0.0030s ]
SQL: UPDATE `tgwu_wares` SET `collTimes`=collTimes+1 WHERE ( id = 30 ) [ RunTime:0.0350s ]

[ 2017-06-27T10:28:34+08:00 ] ::1 /tangguowu/index.php/Index/collect.html
INFO: [ app_begin ] --START--
INFO: Run Behavior\ReadHtmlCacheBehavior [ RunTime:0.001000s ]
INFO: [ app_begin ] --END-- [ RunTime:0.001000s ]
SQL: SHOW COLUMNS FROM `tgwu_wares` [ RunTime:0.0030s ]
SQL: UPDATE `tgwu_wares` SET `collTimes`=collTimes+1 WHERE ( id = 30 ) [ RunTime:0.0290s ]

[ 2017-06-27T10:29:58+08:00 ] ::1 /tangguowu/index.php/Index/collect.html
INFO: [ app_begin ] --START--
INFO: Run Behavior\ReadHtmlCacheBehavior [ RunTime:0.001001s ]
INFO: [ app_begin ] --END-- [ RunTime:0.001001s ]
SQL: SHOW COLUMNS FROM `tgwu_wares` [ RunTime:0.0190s ]
SQL: UPDATE `tgwu_wares` SET `collTimes`=collTimes+1 WHERE ( id = 17 ) [ RunTime:0.0380s ]

[ 2017-06-27T10:30:01+08:00 ] ::1 /tangguowu/index.php/Index/collect.html
INFO: [ app_begin ] --START--
INFO: Run Behavior\ReadHtmlCacheBehavior [ RunTime:0.001000s ]
INFO: [ app_begin ] --END-- [ RunTime:0.001000s ]
SQL: SHOW COLUMNS FROM `tgwu_wares` [ RunTime:0.0030s ]
SQL: UPDATE `tgwu_wares` SET `collTimes`=collTimes+1 WHERE ( id = 18 ) [ RunTime:0.0290s ]

[ 2017-06-27T15:54:24+08:00 ] 58.101.0.11 /
ERR: SQLSTATE[28000] [1045] Access denied for user 'root'@'localhost' (using password: YES)

[ 2017-06-27T16:02:24+08:00 ] 58.101.0.11 /index.php?s=/Index/collect.html
INFO: [ app_begin ] --START--
INFO: Run Behavior\ReadHtmlCacheBehavior [ RunTime:0.000032s ]
INFO: [ app_begin ] --END-- [ RunTime:0.000089s ]
SQL: SHOW COLUMNS FROM `tgwu_wares` [ RunTime:0.0009s ]
SQL: UPDATE `tgwu_wares` SET `collTimes`=collTimes+1 WHERE ( id = 17 ) [ RunTime:0.0299s ]

[ 2017-06-27T16:02:24+08:00 ] 58.101.0.11 /index.php?s=/Index/collect.html
INFO: [ app_begin ] --START--
INFO: Run Behavior\ReadHtmlCacheBehavior [ RunTime:0.000030s ]
INFO: [ app_begin ] --END-- [ RunTime:0.000077s ]
SQL: SHOW COLUMNS FROM `tgwu_wares` [ RunTime:0.0006s ]
SQL: UPDATE `tgwu_wares` SET `collTimes`=collTimes+1 WHERE ( id = 17 ) [ RunTime:0.0055s ]

[ 2017-06-27T16:02:24+08:00 ] 58.101.0.11 /index.php?s=/Index/collect.html
INFO: [ app_begin ] --START--
INFO: Run Behavior\ReadHtmlCacheBehavior [ RunTime:0.000033s ]
INFO: [ app_begin ] --END-- [ RunTime:0.000085s ]
SQL: SHOW COLUMNS FROM `tgwu_wares` [ RunTime:0.0009s ]
SQL: UPDATE `tgwu_wares` SET `collTimes`=collTimes+1 WHERE ( id = 17 ) [ RunTime:0.0054s ]

[ 2017-06-27T16:02:24+08:00 ] 58.101.0.11 /index.php?s=/Index/collect.html
INFO: [ app_begin ] --START--
INFO: Run Behavior\ReadHtmlCacheBehavior [ RunTime:0.000033s ]
INFO: [ app_begin ] --END-- [ RunTime:0.000092s ]
SQL: SHOW COLUMNS FROM `tgwu_wares` [ RunTime:0.0007s ]
SQL: UPDATE `tgwu_wares` SET `collTimes`=collTimes+1 WHERE ( id = 17 ) [ RunTime:0.0059s ]

[ 2017-06-27T16:02:25+08:00 ] 58.101.0.11 /index.php?s=/Index/collect.html
INFO: [ app_begin ] --START--
INFO: Run Behavior\ReadHtmlCacheBehavior [ RunTime:0.000029s ]
INFO: [ app_begin ] --END-- [ RunTime:0.000083s ]
SQL: SHOW COLUMNS FROM `tgwu_wares` [ RunTime:0.0007s ]
SQL: UPDATE `tgwu_wares` SET `collTimes`=collTimes+1 WHERE ( id = 18 ) [ RunTime:0.0059s ]

[ 2017-06-27T16:02:26+08:00 ] 58.101.0.11 /index.php?s=/Index/collect.html
INFO: [ app_begin ] --START--
INFO: Run Behavior\ReadHtmlCacheBehavior [ RunTime:0.000030s ]
INFO: [ app_begin ] --END-- [ RunTime:0.000080s ]
SQL: SHOW COLUMNS FROM `tgwu_wares` [ RunTime:0.0008s ]
SQL: UPDATE `tgwu_wares` SET `collTimes`=collTimes+1 WHERE ( id = 18 ) [ RunTime:0.0064s ]

[ 2017-06-27T16:03:02+08:00 ] 58.101.0.11 /index.php?s=/Index/collect.html
INFO: [ app_begin ] --START--
INFO: Run Behavior\ReadHtmlCacheBehavior [ RunTime:0.000030s ]
INFO: [ app_begin ] --END-- [ RunTime:0.000083s ]
SQL: SHOW COLUMNS FROM `tgwu_wares` [ RunTime:0.0007s ]
SQL: UPDATE `tgwu_wares` SET `collTimes`=collTimes+1 WHERE ( id = 18 ) [ RunTime:0.0066s ]

[ 2017-06-27T16:03:03+08:00 ] 58.101.0.11 /index.php?s=/Index/collect.html
INFO: [ app_begin ] --START--
INFO: Run Behavior\ReadHtmlCacheBehavior [ RunTime:0.000030s ]
INFO: [ app_begin ] --END-- [ RunTime:0.000079s ]
SQL: SHOW COLUMNS FROM `tgwu_wares` [ RunTime:0.0007s ]
SQL: UPDATE `tgwu_wares` SET `collTimes`=collTimes+1 WHERE ( id = 18 ) [ RunTime:0.0075s ]

[ 2017-06-27T16:03:03+08:00 ] 58.101.0.11 /index.php?s=/Index/collect.html
INFO: [ app_begin ] --START--
INFO: Run Behavior\ReadHtmlCacheBehavior [ RunTime:0.000030s ]
INFO: [ app_begin ] --END-- [ RunTime:0.000080s ]
SQL: SHOW COLUMNS FROM `tgwu_wares` [ RunTime:0.0007s ]
SQL: UPDATE `tgwu_wares` SET `collTimes`=collTimes+1 WHERE ( id = 18 ) [ RunTime:0.0054s ]

[ 2017-06-27T16:03:11+08:00 ] 58.101.0.11 /index.php?s=/Index/collect.html
INFO: [ app_begin ] --START--
INFO: Run Behavior\ReadHtmlCacheBehavior [ RunTime:0.000041s ]
INFO: [ app_begin ] --END-- [ RunTime:0.000101s ]
SQL: SHOW COLUMNS FROM `tgwu_wares` [ RunTime:0.0007s ]
SQL: UPDATE `tgwu_wares` SET `collTimes`=collTimes+1 WHERE ( id = 17 ) [ RunTime:0.0068s ]

[ 2017-06-27T16:03:15+08:00 ] 58.101.0.11 /index.php?s=/Index/collect.html
INFO: [ app_begin ] --START--
INFO: Run Behavior\ReadHtmlCacheBehavior [ RunTime:0.000034s ]
INFO: [ app_begin ] --END-- [ RunTime:0.000091s ]
SQL: SHOW COLUMNS FROM `tgwu_wares` [ RunTime:0.0008s ]
SQL: UPDATE `tgwu_wares` SET `collTimes`=collTimes+1 WHERE ( id = 18 ) [ RunTime:0.0062s ]

[ 2017-06-27T16:03:29+08:00 ] 58.101.0.11 /index.php?s=/Index/collect.html
INFO: [ app_begin ] --START--
INFO: Run Behavior\ReadHtmlCacheBehavior [ RunTime:0.000033s ]
INFO: [ app_begin ] --END-- [ RunTime:0.000094s ]
SQL: SHOW COLUMNS FROM `tgwu_wares` [ RunTime:0.0007s ]
SQL: UPDATE `tgwu_wares` SET `collTimes`=collTimes+1 WHERE ( id = 17 ) [ RunTime:0.0075s ]

[ 2017-06-27T16:05:08+08:00 ] 58.101.0.11 /index.php?s=/Index/collect.html
INFO: [ app_begin ] --START--
INFO: Run Behavior\ReadHtmlCacheBehavior [ RunTime:0.000033s ]
INFO: [ app_begin ] --END-- [ RunTime:0.000088s ]
SQL: SHOW COLUMNS FROM `tgwu_wares` [ RunTime:0.0009s ]
SQL: UPDATE `tgwu_wares` SET `collTimes`=collTimes+1 WHERE ( id = 17 ) [ RunTime:0.0103s ]

[ 2017-06-27T16:09:58+08:00 ] 58.101.0.11 /index.php?s=/Index/collect.html
INFO: [ app_begin ] --START--
INFO: Run Behavior\ReadHtmlCacheBehavior [ RunTime:0.000037s ]
INFO: [ app_begin ] --END-- [ RunTime:0.000092s ]
SQL: SHOW COLUMNS FROM `tgwu_wares` [ RunTime:0.0007s ]
SQL: UPDATE `tgwu_wares` SET `collTimes`=collTimes+1 WHERE ( id = 17 ) [ RunTime:0.0059s ]

[ 2017-06-27T16:10:18+08:00 ] 58.101.0.11 /index.php?s=/Index/collect.html
INFO: [ app_begin ] --START--
INFO: Run Behavior\ReadHtmlCacheBehavior [ RunTime:0.000030s ]
INFO: [ app_begin ] --END-- [ RunTime:0.000083s ]
SQL: SHOW COLUMNS FROM `tgwu_wares` [ RunTime:0.0006s ]
SQL: UPDATE `tgwu_wares` SET `collTimes`=collTimes+1 WHERE ( id = 17 ) [ RunTime:0.0070s ]

[ 2017-06-27T16:14:16+08:00 ] 58.101.0.11 /index.php?s=/Index/collect.html
INFO: [ app_begin ] --START--
INFO: Run Behavior\ReadHtmlCacheBehavior [ RunTime:0.000033s ]
INFO: [ app_begin ] --END-- [ RunTime:0.000088s ]
SQL: SHOW COLUMNS FROM `tgwu_wares` [ RunTime:0.0007s ]
SQL: UPDATE `tgwu_wares` SET `collTimes`=collTimes+1 WHERE ( id = 17 ) [ RunTime:0.0055s ]

[ 2017-06-27T16:15:16+08:00 ] 58.101.0.11 /index.php?s=/Index/collect.html
INFO: [ app_begin ] --START--
INFO: Run Behavior\ReadHtmlCacheBehavior [ RunTime:0.000035s ]
INFO: [ app_begin ] --END-- [ RunTime:0.000132s ]
SQL: SHOW COLUMNS FROM `tgwu_wares` [ RunTime:0.0007s ]
SQL: UPDATE `tgwu_wares` SET `collTimes`=collTimes+1 WHERE ( id = 18 ) [ RunTime:0.0056s ]

[ 2017-06-27T16:15:37+08:00 ] 58.101.0.11 /index.php?s=/Index/collect.html
INFO: [ app_begin ] --START--
INFO: Run Behavior\ReadHtmlCacheBehavior [ RunTime:0.000029s ]
INFO: [ app_begin ] --END-- [ RunTime:0.000081s ]
SQL: SHOW COLUMNS FROM `tgwu_wares` [ RunTime:0.0009s ]
SQL: UPDATE `tgwu_wares` SET `collTimes`=collTimes+1 WHERE ( id = 17 ) [ RunTime:0.0124s ]

[ 2017-06-27T16:19:58+08:00 ] 58.101.0.11 /index.php?s=/Index/collect.html
INFO: [ app_begin ] --START--
INFO: Run Behavior\ReadHtmlCacheBehavior [ RunTime:0.000031s ]
INFO: [ app_begin ] --END-- [ RunTime:0.000085s ]
SQL: SHOW COLUMNS FROM `tgwu_wares` [ RunTime:0.0006s ]
SQL: UPDATE `tgwu_wares` SET `collTimes`=collTimes+1 WHERE ( id = 17 ) [ RunTime:0.0080s ]

[ 2017-06-27T16:20:01+08:00 ] 58.101.0.11 /index.php?s=/Index/collect.html
INFO: [ app_begin ] --START--
INFO: Run Behavior\ReadHtmlCacheBehavior [ RunTime:0.000035s ]
INFO: [ app_begin ] --END-- [ RunTime:0.000114s ]
SQL: SHOW COLUMNS FROM `tgwu_wares` [ RunTime:0.0006s ]
SQL: UPDATE `tgwu_wares` SET `collTimes`=collTimes+1 WHERE ( id = 17 ) [ RunTime:0.0055s ]

[ 2017-06-27T16:20:26+08:00 ] 58.101.0.11 /index.php?s=/Index/collect.html
INFO: [ app_begin ] --START--
INFO: Run Behavior\ReadHtmlCacheBehavior [ RunTime:0.000049s ]
INFO: [ app_begin ] --END-- [ RunTime:0.000130s ]
SQL: SHOW COLUMNS FROM `tgwu_wares` [ RunTime:0.0009s ]
SQL: UPDATE `tgwu_wares` SET `collTimes`=collTimes+1 WHERE ( id = 21 ) [ RunTime:0.0080s ]

[ 2017-06-27T16:20:27+08:00 ] 58.101.0.11 /index.php?s=/Index/collect.html
INFO: [ app_begin ] --START--
INFO: Run Behavior\ReadHtmlCacheBehavior [ RunTime:0.000031s ]
INFO: [ app_begin ] --END-- [ RunTime:0.000081s ]
SQL: SHOW COLUMNS FROM `tgwu_wares` [ RunTime:0.0006s ]
SQL: UPDATE `tgwu_wares` SET `collTimes`=collTimes+1 WHERE ( id = 21 ) [ RunTime:0.0262s ]

[ 2017-06-27T16:20:28+08:00 ] 58.101.0.11 /index.php?s=/Index/collect.html
INFO: [ app_begin ] --START--
INFO: Run Behavior\ReadHtmlCacheBehavior [ RunTime:0.000046s ]
INFO: [ app_begin ] --END-- [ RunTime:0.000134s ]
SQL: SHOW COLUMNS FROM `tgwu_wares` [ RunTime:0.0006s ]
SQL: UPDATE `tgwu_wares` SET `collTimes`=collTimes+1 WHERE ( id = 21 ) [ RunTime:0.0054s ]

[ 2017-06-27T16:20:28+08:00 ] 58.101.0.11 /index.php?s=/Index/collect.html
INFO: [ app_begin ] --START--
INFO: Run Behavior\ReadHtmlCacheBehavior [ RunTime:0.000029s ]
INFO: [ app_begin ] --END-- [ RunTime:0.000078s ]
SQL: SHOW COLUMNS FROM `tgwu_wares` [ RunTime:0.0007s ]
SQL: UPDATE `tgwu_wares` SET `collTimes`=collTimes+1 WHERE ( id = 21 ) [ RunTime:0.0252s ]

[ 2017-06-27T16:20:29+08:00 ] 58.101.0.11 /index.php?s=/Index/collect.html
INFO: [ app_begin ] --START--
INFO: Run Behavior\ReadHtmlCacheBehavior [ RunTime:0.000027s ]
INFO: [ app_begin ] --END-- [ RunTime:0.000073s ]
SQL: SHOW COLUMNS FROM `tgwu_wares` [ RunTime:0.0006s ]
SQL: UPDATE `tgwu_wares` SET `collTimes`=collTimes+1 WHERE ( id = 21 ) [ RunTime:0.0130s ]

[ 2017-06-27T16:20:33+08:00 ] 58.101.0.11 /index.php?s=/Index/collect.html
INFO: [ app_begin ] --START--
INFO: Run Behavior\ReadHtmlCacheBehavior [ RunTime:0.000144s ]
INFO: [ app_begin ] --END-- [ RunTime:0.000241s ]
SQL: SHOW COLUMNS FROM `tgwu_wares` [ RunTime:0.0010s ]
SQL: UPDATE `tgwu_wares` SET `collTimes`=collTimes+1 WHERE ( id = 17 ) [ RunTime:0.0064s ]

[ 2017-06-27T16:20:34+08:00 ] 58.101.0.11 /index.php?s=/Index/collect.html
INFO: [ app_begin ] --START--
INFO: Run Behavior\ReadHtmlCacheBehavior [ RunTime:0.000044s ]
INFO: [ app_begin ] --END-- [ RunTime:0.000118s ]
SQL: SHOW COLUMNS FROM `tgwu_wares` [ RunTime:0.0009s ]
SQL: UPDATE `tgwu_wares` SET `collTimes`=collTimes+1 WHERE ( id = 17 ) [ RunTime:0.0069s ]

[ 2017-06-27T16:20:34+08:00 ] 58.101.0.11 /index.php?s=/Index/collect.html
INFO: [ app_begin ] --START--
INFO: Run Behavior\ReadHtmlCacheBehavior [ RunTime:0.000051s ]
INFO: [ app_begin ] --END-- [ RunTime:0.000133s ]
SQL: SHOW COLUMNS FROM `tgwu_wares` [ RunTime:0.0009s ]
SQL: UPDATE `tgwu_wares` SET `collTimes`=collTimes+1 WHERE ( id = 17 ) [ RunTime:0.0053s ]

[ 2017-06-27T16:20:35+08:00 ] 58.101.0.11 /index.php?s=/Index/collect.html
INFO: [ app_begin ] --START--
INFO: Run Behavior\ReadHtmlCacheBehavior [ RunTime:0.000027s ]
INFO: [ app_begin ] --END-- [ RunTime:0.000073s ]
SQL: SHOW COLUMNS FROM `tgwu_wares` [ RunTime:0.0006s ]
SQL: UPDATE `tgwu_wares` SET `collTimes`=collTimes+1 WHERE ( id = 17 ) [ RunTime:0.0062s ]

[ 2017-06-27T16:20:36+08:00 ] 58.101.0.11 /index.php?s=/Index/collect.html
INFO: [ app_begin ] --START--
INFO: Run Behavior\ReadHtmlCacheBehavior [ RunTime:0.000030s ]
INFO: [ app_begin ] --END-- [ RunTime:0.000083s ]
SQL: SHOW COLUMNS FROM `tgwu_wares` [ RunTime:0.0005s ]
SQL: UPDATE `tgwu_wares` SET `collTimes`=collTimes+1 WHERE ( id = 17 ) [ RunTime:0.0050s ]

[ 2017-06-27T16:20:36+08:00 ] 58.101.0.11 /index.php?s=/Index/collect.html
INFO: [ app_begin ] --START--
INFO: Run Behavior\ReadHtmlCacheBehavior [ RunTime:0.000048s ]
INFO: [ app_begin ] --END-- [ RunTime:0.000126s ]
SQL: SHOW COLUMNS FROM `tgwu_wares` [ RunTime:0.0009s ]
SQL: UPDATE `tgwu_wares` SET `collTimes`=collTimes+1 WHERE ( id = 17 ) [ RunTime:0.0056s ]

[ 2017-06-27T16:20:36+08:00 ] 58.101.0.11 /index.php?s=/Index/collect.html
INFO: [ app_begin ] --START--
INFO: Run Behavior\ReadHtmlCacheBehavior [ RunTime:0.000048s ]
INFO: [ app_begin ] --END-- [ RunTime:0.000128s ]
SQL: SHOW COLUMNS FROM `tgwu_wares` [ RunTime:0.0010s ]
SQL: UPDATE `tgwu_wares` SET `collTimes`=collTimes+1 WHERE ( id = 17 ) [ RunTime:0.0061s ]

[ 2017-06-27T16:20:38+08:00 ] 58.101.0.11 /index.php?s=/Index/collect.html
INFO: [ app_begin ] --START--
INFO: Run Behavior\ReadHtmlCacheBehavior [ RunTime:0.000030s ]
INFO: [ app_begin ] --END-- [ RunTime:0.000079s ]
SQL: SHOW COLUMNS FROM `tgwu_wares` [ RunTime:0.0007s ]
SQL: UPDATE `tgwu_wares` SET `collTimes`=collTimes+1 WHERE ( id = 19 ) [ RunTime:0.0085s ]

[ 2017-06-27T16:23:49+08:00 ] 58.101.0.11 /index.php?s=/Index/collect.html
INFO: [ app_begin ] --START--
INFO: Run Behavior\ReadHtmlCacheBehavior [ RunTime:0.000031s ]
INFO: [ app_begin ] --END-- [ RunTime:0.000082s ]
SQL: SHOW COLUMNS FROM `tgwu_wares` [ RunTime:0.0006s ]
SQL: UPDATE `tgwu_wares` SET `collTimes`=collTimes+1 WHERE ( id = 17 ) [ RunTime:0.0070s ]

[ 2017-06-27T16:23:54+08:00 ] 58.101.0.11 /index.php?s=/Index/collect.html
INFO: [ app_begin ] --START--
INFO: Run Behavior\ReadHtmlCacheBehavior [ RunTime:0.000030s ]
INFO: [ app_begin ] --END-- [ RunTime:0.000079s ]
SQL: SHOW COLUMNS FROM `tgwu_wares` [ RunTime:0.0007s ]
SQL: UPDATE `tgwu_wares` SET `collTimes`=collTimes+1 WHERE ( id = 21 ) [ RunTime:0.0061s ]

[ 2017-06-27T17:01:23+08:00 ] 140.207.54.80 /index.php?c=Wechat&a=auth&signature=3475d322e050cff0d48aac40cb08be6bf7700313&echostr=8612794522672799739&timestamp=1498554083&nonce=1334237001
ERR: 非法操作:auth

[ 2017-06-27T17:57:29+08:00 ] 58.101.0.11 /index.php?s=/Invicode/index.html
ERR: Think\Controller:signin方法不存在！

[ 2017-06-27T17:59:28+08:00 ] 58.101.0.11 /%E8%AF%B7%E5%9C%A8%E5%BE%AE%E4%BF%A1%E4%B8%AD%E6%89%93%E5%BC%80%E9%93%BE%E6%8E%A5
ERR: 无法加载控制器:请在微信中打开链接

[ 2017-06-27T17:59:39+08:00 ] 58.101.0.11 /%E8%AF%B7%E5%9C%A8%E5%BE%AE%E4%BF%A1%E4%B8%AD%E6%89%93%E5%BC%80%E9%93%BE%E6%8E%A5
ERR: 无法加载控制器:请在微信中打开链接

[ 2017-06-27T18:01:48+08:00 ] 58.101.0.11 /%E8%AF%B7%E5%9C%A8%E5%BE%AE%E4%BF%A1%E4%B8%AD%E6%89%93%E5%BC%80%E9%93%BE%E6%8E%A5
ERR: 无法加载控制器:请在微信中打开链接

[ 2017-06-27T18:02:12+08:00 ] 58.101.0.11 /%E8%AF%B7%E5%9C%A8%E5%BE%AE%E4%BF%A1%E4%B8%AD%E6%89%93%E5%BC%80%E9%93%BE%E6%8E%A5
ERR: 无法加载控制器:请在微信中打开链接

[ 2017-06-27T18:02:31+08:00 ] 58.101.0.11 /%E8%AF%B7%E5%9C%A8%E5%BE%AE%E4%BF%A1%E4%B8%AD%E6%89%93%E5%BC%80%E9%93%BE%E6%8E%A5
ERR: 无法加载控制器:请在微信中打开链接

