[ 2017-06-29T08:55:28+08:00 ] 101.226.68.141 /index.php?c=Invicode&a=callback&code=001ZWobd2ha94C0hc3bd2Gtrbd2ZWobu&state=1708162e6fdd61328e310ff972d00e7d
ERR: Think\Model:getUserInfo方法不存在！

[ 2017-06-29T09:02:33+08:00 ] 101.226.68.141 /index.php?s=/Index/collect.html
INFO: [ app_begin ] --START--
INFO: Run Behavior\ReadHtmlCacheBehavior [ RunTime:0.000034s ]
INFO: [ app_begin ] --END-- [ RunTime:0.000091s ]
SQL: SHOW COLUMNS FROM `tgwu_user` [ RunTime:0.0006s ]
SQL: SELECT `id` FROM `tgwu_user` WHERE ( openId = "opUlWvwWM6E9kwGX86F4aiVe0s10" ) LIMIT 1   [ RunTime:0.0001s ]
SQL: SHOW COLUMNS FROM `tgwu_usercoll` [ RunTime:0.0003s ]
ERR: Think\Model:insert方法不存在！

[ 2017-06-29T09:02:40+08:00 ] 101.226.68.141 /index.php?s=/Index/collect.html
INFO: [ app_begin ] --START--
INFO: Run Behavior\ReadHtmlCacheBehavior [ RunTime:0.000032s ]
INFO: [ app_begin ] --END-- [ RunTime:0.000086s ]
SQL: SHOW COLUMNS FROM `tgwu_user` [ RunTime:0.0005s ]
SQL: SELECT `id` FROM `tgwu_user` WHERE ( openId = "opUlWvwWM6E9kwGX86F4aiVe0s10" ) LIMIT 1   [ RunTime:0.0001s ]
SQL: SHOW COLUMNS FROM `tgwu_usercoll` [ RunTime:0.0003s ]
ERR: Think\Model:insert方法不存在！

[ 2017-06-29T09:02:47+08:00 ] 101.226.68.141 /index.php?s=/Index/collect.html
INFO: [ app_begin ] --START--
INFO: Run Behavior\ReadHtmlCacheBehavior [ RunTime:0.000031s ]
INFO: [ app_begin ] --END-- [ RunTime:0.000084s ]
SQL: SHOW COLUMNS FROM `tgwu_user` [ RunTime:0.0005s ]
SQL: SELECT `id` FROM `tgwu_user` WHERE ( openId = "opUlWvwWM6E9kwGX86F4aiVe0s10" ) LIMIT 1   [ RunTime:0.0001s ]
SQL: SHOW COLUMNS FROM `tgwu_usercoll` [ RunTime:0.0003s ]
ERR: Think\Model:insert方法不存在！

[ 2017-06-29T09:02:48+08:00 ] 101.226.68.141 /index.php?s=/Index/collect.html
INFO: [ app_begin ] --START--
INFO: Run Behavior\ReadHtmlCacheBehavior [ RunTime:0.000030s ]
INFO: [ app_begin ] --END-- [ RunTime:0.000080s ]
SQL: SHOW COLUMNS FROM `tgwu_user` [ RunTime:0.0006s ]
SQL: SELECT `id` FROM `tgwu_user` WHERE ( openId = "opUlWvwWM6E9kwGX86F4aiVe0s10" ) LIMIT 1   [ RunTime:0.0001s ]
SQL: SHOW COLUMNS FROM `tgwu_usercoll` [ RunTime:0.0003s ]
ERR: Think\Model:insert方法不存在！

[ 2017-06-29T09:02:49+08:00 ] 101.226.68.141 /index.php?s=/Index/collect.html
INFO: [ app_begin ] --START--
INFO: Run Behavior\ReadHtmlCacheBehavior [ RunTime:0.000028s ]
INFO: [ app_begin ] --END-- [ RunTime:0.000074s ]
SQL: SHOW COLUMNS FROM `tgwu_user` [ RunTime:0.0005s ]
SQL: SELECT `id` FROM `tgwu_user` WHERE ( openId = "opUlWvwWM6E9kwGX86F4aiVe0s10" ) LIMIT 1   [ RunTime:0.0001s ]
SQL: SHOW COLUMNS FROM `tgwu_usercoll` [ RunTime:0.0003s ]
ERR: Think\Model:insert方法不存在！

[ 2017-06-29T09:05:02+08:00 ] 101.226.68.141 /index.php?s=/Index/collect.html
INFO: [ app_begin ] --START--
INFO: Run Behavior\ReadHtmlCacheBehavior [ RunTime:0.000033s ]
INFO: [ app_begin ] --END-- [ RunTime:0.000098s ]
SQL: SHOW COLUMNS FROM `tgwu_user` [ RunTime:0.0007s ]
SQL: SELECT `id` FROM `tgwu_user` WHERE ( openId = "opUlWvwWM6E9kwGX86F4aiVe0s10" ) LIMIT 1   [ RunTime:0.0001s ]
SQL: SHOW COLUMNS FROM `tgwu_usercoll` [ RunTime:0.0003s ]
ERR: Think\Model:insert方法不存在！

[ 2017-06-29T09:05:35+08:00 ] 58.101.0.140 /index.php?s=/Index/collect.html
INFO: [ app_begin ] --START--
INFO: Run Behavior\ReadHtmlCacheBehavior [ RunTime:0.000035s ]
INFO: [ app_begin ] --END-- [ RunTime:0.000089s ]
SQL: SHOW COLUMNS FROM `tgwu_user` [ RunTime:0.0007s ]
SQL: SELECT `id` FROM `tgwu_user` WHERE ( openId = "" ) LIMIT 1   [ RunTime:0.0003s ]
SQL: SHOW COLUMNS FROM `tgwu_usercoll` [ RunTime:0.0004s ]
ERR: Think\Model:insert方法不存在！

[ 2017-06-29T09:05:35+08:00 ] 58.101.0.140 /index.php?s=/Index/collect.html
INFO: [ app_begin ] --START--
INFO: Run Behavior\ReadHtmlCacheBehavior [ RunTime:0.000032s ]
INFO: [ app_begin ] --END-- [ RunTime:0.000089s ]
SQL: SHOW COLUMNS FROM `tgwu_user` [ RunTime:0.0006s ]
SQL: SELECT `id` FROM `tgwu_user` WHERE ( openId = "" ) LIMIT 1   [ RunTime:0.0001s ]
SQL: SHOW COLUMNS FROM `tgwu_usercoll` [ RunTime:0.0003s ]
ERR: Think\Model:insert方法不存在！

[ 2017-06-29T09:05:35+08:00 ] 58.101.0.140 /index.php?s=/Index/collect.html
INFO: [ app_begin ] --START--
INFO: Run Behavior\ReadHtmlCacheBehavior [ RunTime:0.000027s ]
INFO: [ app_begin ] --END-- [ RunTime:0.000074s ]
SQL: SHOW COLUMNS FROM `tgwu_user` [ RunTime:0.0005s ]
SQL: SELECT `id` FROM `tgwu_user` WHERE ( openId = "" ) LIMIT 1   [ RunTime:0.0001s ]
SQL: SHOW COLUMNS FROM `tgwu_usercoll` [ RunTime:0.0003s ]
ERR: Think\Model:insert方法不存在！

[ 2017-06-29T09:07:39+08:00 ] 101.226.68.141 /index.php?s=/Index/collect.html
INFO: [ app_begin ] --START--
INFO: Run Behavior\ReadHtmlCacheBehavior [ RunTime:0.000056s ]
INFO: [ app_begin ] --END-- [ RunTime:0.000144s ]
SQL: SHOW COLUMNS FROM `tgwu_wares` [ RunTime:0.0010s ]
SQL: UPDATE `tgwu_wares` SET `collTimes`=collTimes+1 WHERE ( id = 17 ) [ RunTime:0.0290s ]

[ 2017-06-29T09:07:40+08:00 ] 101.226.68.141 /index.php?s=/Index/collect.html
INFO: [ app_begin ] --START--
INFO: Run Behavior\ReadHtmlCacheBehavior [ RunTime:0.000029s ]
INFO: [ app_begin ] --END-- [ RunTime:0.000084s ]
SQL: SHOW COLUMNS FROM `tgwu_wares` [ RunTime:0.0008s ]
SQL: UPDATE `tgwu_wares` SET `collTimes`=collTimes+1 WHERE ( id = 17 ) [ RunTime:0.0095s ]

[ 2017-06-29T09:07:42+08:00 ] 101.226.68.141 /index.php?s=/Index/collect.html
INFO: [ app_begin ] --START--
INFO: Run Behavior\ReadHtmlCacheBehavior [ RunTime:0.000032s ]
INFO: [ app_begin ] --END-- [ RunTime:0.000086s ]
SQL: SHOW COLUMNS FROM `tgwu_wares` [ RunTime:0.0006s ]
SQL: UPDATE `tgwu_wares` SET `collTimes`=collTimes+1 WHERE ( id = 17 ) [ RunTime:0.0100s ]

[ 2017-06-29T09:07:48+08:00 ] 101.226.68.141 /index.php?s=/Index/collect.html
INFO: [ app_begin ] --START--
INFO: Run Behavior\ReadHtmlCacheBehavior [ RunTime:0.000036s ]
INFO: [ app_begin ] --END-- [ RunTime:0.000096s ]
SQL: SHOW COLUMNS FROM `tgwu_wares` [ RunTime:0.0006s ]
SQL: UPDATE `tgwu_wares` SET `collTimes`=collTimes+1 WHERE ( id = 18 ) [ RunTime:0.0093s ]

[ 2017-06-29T09:07:57+08:00 ] 101.226.68.141 /index.php?s=/Index/collect.html
INFO: [ app_begin ] --START--
INFO: Run Behavior\ReadHtmlCacheBehavior [ RunTime:0.000030s ]
INFO: [ app_begin ] --END-- [ RunTime:0.000083s ]
SQL: SHOW COLUMNS FROM `tgwu_wares` [ RunTime:0.0006s ]
SQL: UPDATE `tgwu_wares` SET `collTimes`=collTimes+1 WHERE ( id = 18 ) [ RunTime:0.0117s ]

[ 2017-06-29T09:12:55+08:00 ] 101.226.68.141 /index.php?s=/Index/collect.html
INFO: [ app_begin ] --START--
INFO: Run Behavior\ReadHtmlCacheBehavior [ RunTime:0.000031s ]
INFO: [ app_begin ] --END-- [ RunTime:0.000084s ]
SQL: SHOW COLUMNS FROM `tgwu_wares` [ RunTime:0.0005s ]
SQL: UPDATE `tgwu_wares` SET `collTimes`=collTimes+1 WHERE ( id = 17 ) [ RunTime:0.0075s ]

[ 2017-06-29T09:13:56+08:00 ] 58.101.0.140 /index.php?s=/Index/collect.html
INFO: [ app_begin ] --START--
INFO: Run Behavior\ReadHtmlCacheBehavior [ RunTime:0.000030s ]
INFO: [ app_begin ] --END-- [ RunTime:0.000082s ]
SQL: SHOW COLUMNS FROM `tgwu_wares` [ RunTime:0.0006s ]
SQL: UPDATE `tgwu_wares` SET `collTimes`=collTimes+1 WHERE ( id = 17 ) [ RunTime:0.0075s ]

[ 2017-06-29T09:14:57+08:00 ] 58.101.0.140 /index.php?s=/Index/collect.html
INFO: [ app_begin ] --START--
INFO: Run Behavior\ReadHtmlCacheBehavior [ RunTime:0.000031s ]
INFO: [ app_begin ] --END-- [ RunTime:0.000086s ]
SQL: SHOW COLUMNS FROM `tgwu_wares` [ RunTime:0.0007s ]
SQL: UPDATE `tgwu_wares` SET `collTimes`=collTimes+1 WHERE ( id = 17 ) [ RunTime:0.0057s ]

[ 2017-06-29T09:15:35+08:00 ] 58.101.0.140 /index.php?s=/Index/collect.html
INFO: [ app_begin ] --START--
INFO: Run Behavior\ReadHtmlCacheBehavior [ RunTime:0.000043s ]
INFO: [ app_begin ] --END-- [ RunTime:0.000107s ]
SQL: SHOW COLUMNS FROM `tgwu_wares` [ RunTime:0.0007s ]
SQL: UPDATE `tgwu_wares` SET `collTimes`=collTimes+1 WHERE ( id = 17 ) [ RunTime:0.0129s ]

[ 2017-06-29T09:15:37+08:00 ] 58.101.0.140 /index.php?s=/Index/collect.html
INFO: [ app_begin ] --START--
INFO: Run Behavior\ReadHtmlCacheBehavior [ RunTime:0.000042s ]
INFO: [ app_begin ] --END-- [ RunTime:0.000104s ]
SQL: SHOW COLUMNS FROM `tgwu_wares` [ RunTime:0.0005s ]
SQL: UPDATE `tgwu_wares` SET `collTimes`=collTimes+1 WHERE ( id = 18 ) [ RunTime:0.0065s ]

[ 2017-06-29T09:15:37+08:00 ] 58.101.0.140 /index.php?s=/Index/collect.html
INFO: [ app_begin ] --START--
INFO: Run Behavior\ReadHtmlCacheBehavior [ RunTime:0.000029s ]
INFO: [ app_begin ] --END-- [ RunTime:0.000078s ]
SQL: SHOW COLUMNS FROM `tgwu_wares` [ RunTime:0.0007s ]
SQL: UPDATE `tgwu_wares` SET `collTimes`=collTimes+1 WHERE ( id = 18 ) [ RunTime:0.0110s ]

[ 2017-06-29T09:15:46+08:00 ] 58.101.0.140 /index.php?s=/Index/collect.html
INFO: [ app_begin ] --START--
INFO: Run Behavior\ReadHtmlCacheBehavior [ RunTime:0.000063s ]
INFO: [ app_begin ] --END-- [ RunTime:0.000192s ]
SQL: SHOW COLUMNS FROM `tgwu_wares` [ RunTime:0.0006s ]
SQL: UPDATE `tgwu_wares` SET `collTimes`=collTimes+1 WHERE ( id = 17 ) [ RunTime:0.0066s ]

[ 2017-06-29T09:15:52+08:00 ] 58.101.0.140 /index.php?s=/Index/collect.html
INFO: [ app_begin ] --START--
INFO: Run Behavior\ReadHtmlCacheBehavior [ RunTime:0.000032s ]
INFO: [ app_begin ] --END-- [ RunTime:0.000123s ]
SQL: SHOW COLUMNS FROM `tgwu_wares` [ RunTime:0.0008s ]
SQL: UPDATE `tgwu_wares` SET `collTimes`=collTimes+1 WHERE ( id = 17 ) [ RunTime:0.0119s ]

[ 2017-06-29T09:16:38+08:00 ] 58.101.0.140 /index.php?s=/Index/collect.html
INFO: [ app_begin ] --START--
INFO: Run Behavior\ReadHtmlCacheBehavior [ RunTime:0.000028s ]
INFO: [ app_begin ] --END-- [ RunTime:0.000084s ]
SQL: SHOW COLUMNS FROM `tgwu_wares` [ RunTime:0.0009s ]
SQL: UPDATE `tgwu_wares` SET `collTimes`=collTimes+1 WHERE ( id = 20 ) [ RunTime:0.0070s ]

[ 2017-06-29T09:17:40+08:00 ] 58.101.0.140 /index.php?s=/Index/collect.html
INFO: [ app_begin ] --START--
INFO: Run Behavior\ReadHtmlCacheBehavior [ RunTime:0.000031s ]
INFO: [ app_begin ] --END-- [ RunTime:0.000092s ]
SQL: SHOW COLUMNS FROM `tgwu_wares` [ RunTime:0.0006s ]
SQL: UPDATE `tgwu_wares` SET `collTimes`=collTimes+1 WHERE ( id = 20 ) [ RunTime:0.0061s ]

[ 2017-06-29T09:18:43+08:00 ] 58.101.0.140 /index.php?s=/Index/collect.html
INFO: [ app_begin ] --START--
INFO: Run Behavior\ReadHtmlCacheBehavior [ RunTime:0.000043s ]
INFO: [ app_begin ] --END-- [ RunTime:0.000107s ]
SQL: SHOW COLUMNS FROM `tgwu_wares` [ RunTime:0.0008s ]
SQL: UPDATE `tgwu_wares` SET `collTimes`=collTimes+1 WHERE ( id = 21 ) [ RunTime:0.0076s ]

[ 2017-06-29T09:21:57+08:00 ] 58.101.0.140 /index.php?s=/Index/collect.html
INFO: [ app_begin ] --START--
INFO: Run Behavior\ReadHtmlCacheBehavior [ RunTime:0.000033s ]
INFO: [ app_begin ] --END-- [ RunTime:0.000098s ]
SQL: SHOW COLUMNS FROM `tgwu_wares` [ RunTime:0.0007s ]
SQL: UPDATE `tgwu_wares` SET `collTimes`=collTimes+1 WHERE ( id = 25 ) [ RunTime:0.0062s ]

[ 2017-06-29T09:22:40+08:00 ] 58.101.0.140 /index.php?s=/Index/collect.html
INFO: [ app_begin ] --START--
INFO: Run Behavior\ReadHtmlCacheBehavior [ RunTime:0.000060s ]
INFO: [ app_begin ] --END-- [ RunTime:0.000164s ]
SQL: SHOW COLUMNS FROM `tgwu_wares` [ RunTime:0.0008s ]
SQL: UPDATE `tgwu_wares` SET `collTimes`=collTimes+1 WHERE ( id = 21 ) [ RunTime:0.0342s ]

[ 2017-06-29T09:33:35+08:00 ] 58.101.0.140 /index.php?s=/Index/collect.html
INFO: [ app_begin ] --START--
INFO: Run Behavior\ReadHtmlCacheBehavior [ RunTime:0.000050s ]
INFO: [ app_begin ] --END-- [ RunTime:0.000133s ]
SQL: SHOW COLUMNS FROM `tgwu_wares` [ RunTime:0.0009s ]
SQL: UPDATE `tgwu_wares` SET `collTimes`=collTimes+1 WHERE ( id = 25 ) [ RunTime:0.0062s ]

[ 2017-06-29T09:34:37+08:00 ] 58.101.0.140 /index.php?s=/Index/collect.html
INFO: [ app_begin ] --START--
INFO: Run Behavior\ReadHtmlCacheBehavior [ RunTime:0.000033s ]
INFO: [ app_begin ] --END-- [ RunTime:0.000087s ]
SQL: SHOW COLUMNS FROM `tgwu_wares` [ RunTime:0.0007s ]
SQL: UPDATE `tgwu_wares` SET `collTimes`=collTimes+1 WHERE ( id = 25 ) [ RunTime:0.0069s ]

[ 2017-06-29T09:34:52+08:00 ] 58.101.0.140 /index.php?s=/Index/collect.html
INFO: [ app_begin ] --START--
INFO: Run Behavior\ReadHtmlCacheBehavior [ RunTime:0.000028s ]
INFO: [ app_begin ] --END-- [ RunTime:0.000077s ]
SQL: SHOW COLUMNS FROM `tgwu_wares` [ RunTime:0.0008s ]
SQL: UPDATE `tgwu_wares` SET `collTimes`=collTimes+1 WHERE ( id = 23 ) [ RunTime:0.0081s ]

[ 2017-06-29T10:01:41+08:00 ] 58.101.0.140 /index.php?s=/Index/collect.html
INFO: [ app_begin ] --START--
INFO: Run Behavior\ReadHtmlCacheBehavior [ RunTime:0.000028s ]
INFO: [ app_begin ] --END-- [ RunTime:0.000074s ]
SQL: SHOW COLUMNS FROM `tgwu_wares` [ RunTime:0.0005s ]
SQL: UPDATE `tgwu_wares` SET `collTimes`=collTimes+1 WHERE ( id = 23 ) [ RunTime:0.0147s ]

[ 2017-06-29T10:02:25+08:00 ] 58.101.0.140 /index.php?s=/Index/collect.html
INFO: [ app_begin ] --START--
INFO: Run Behavior\ReadHtmlCacheBehavior [ RunTime:0.000034s ]
INFO: [ app_begin ] --END-- [ RunTime:0.000126s ]
SQL: SHOW COLUMNS FROM `tgwu_wares` [ RunTime:0.0008s ]
SQL: UPDATE `tgwu_wares` SET `collTimes`=collTimes+1 WHERE ( id = 23 ) [ RunTime:0.0108s ]

[ 2017-06-29T10:02:25+08:00 ] 58.101.0.140 /index.php?s=/Index/collect.html
INFO: [ app_begin ] --START--
INFO: Run Behavior\ReadHtmlCacheBehavior [ RunTime:0.000031s ]
INFO: [ app_begin ] --END-- [ RunTime:0.000083s ]
SQL: SHOW COLUMNS FROM `tgwu_wares` [ RunTime:0.0007s ]
SQL: UPDATE `tgwu_wares` SET `collTimes`=collTimes+1 WHERE ( id = 23 ) [ RunTime:0.0079s ]

[ 2017-06-29T10:24:05+08:00 ] 58.101.0.140 /index.php?s=/Index/collect.html
INFO: [ app_begin ] --START--
INFO: Run Behavior\ReadHtmlCacheBehavior [ RunTime:0.000031s ]
INFO: [ app_begin ] --END-- [ RunTime:0.000084s ]
SQL: SHOW COLUMNS FROM `tgwu_wares` [ RunTime:0.0006s ]
SQL: UPDATE `tgwu_wares` SET `collTimes`=collTimes+1 WHERE ( id = 18 ) [ RunTime:0.0070s ]

[ 2017-06-29T10:25:23+08:00 ] 58.101.0.140 /index.php?s=/Index/collect.html
INFO: [ app_begin ] --START--
INFO: Run Behavior\ReadHtmlCacheBehavior [ RunTime:0.000031s ]
INFO: [ app_begin ] --END-- [ RunTime:0.000082s ]
SQL: SHOW COLUMNS FROM `tgwu_wares` [ RunTime:0.0005s ]
SQL: UPDATE `tgwu_wares` SET `collTimes`=collTimes+1 WHERE ( id = 25 ) [ RunTime:0.0099s ]

[ 2017-06-29T10:25:28+08:00 ] 58.101.0.140 /index.php?s=/Index/collect.html
INFO: [ app_begin ] --START--
INFO: Run Behavior\ReadHtmlCacheBehavior [ RunTime:0.000034s ]
INFO: [ app_begin ] --END-- [ RunTime:0.000145s ]
SQL: SHOW COLUMNS FROM `tgwu_wares` [ RunTime:0.0005s ]
SQL: UPDATE `tgwu_wares` SET `collTimes`=collTimes+1 WHERE ( id = 25 ) [ RunTime:0.0083s ]

[ 2017-06-29T10:25:33+08:00 ] 58.101.0.140 /index.php?s=/Index/collect.html
INFO: [ app_begin ] --START--
INFO: Run Behavior\ReadHtmlCacheBehavior [ RunTime:0.000030s ]
INFO: [ app_begin ] --END-- [ RunTime:0.000081s ]
SQL: SHOW COLUMNS FROM `tgwu_wares` [ RunTime:0.0005s ]
SQL: UPDATE `tgwu_wares` SET `collTimes`=collTimes+1 WHERE ( id = 25 ) [ RunTime:0.0103s ]

[ 2017-06-29T10:25:36+08:00 ] 58.101.0.140 /index.php?s=/Index/collect.html
INFO: [ app_begin ] --START--
INFO: Run Behavior\ReadHtmlCacheBehavior [ RunTime:0.000031s ]
INFO: [ app_begin ] --END-- [ RunTime:0.000086s ]
SQL: SHOW COLUMNS FROM `tgwu_wares` [ RunTime:0.0006s ]
SQL: UPDATE `tgwu_wares` SET `collTimes`=collTimes+1 WHERE ( id = 25 ) [ RunTime:0.0076s ]

[ 2017-06-29T10:26:09+08:00 ] 58.101.0.140 /index.php?s=/Index/collect.html
INFO: [ app_begin ] --START--
INFO: Run Behavior\ReadHtmlCacheBehavior [ RunTime:0.000031s ]
INFO: [ app_begin ] --END-- [ RunTime:0.000084s ]
SQL: SHOW COLUMNS FROM `tgwu_wares` [ RunTime:0.0005s ]
SQL: UPDATE `tgwu_wares` SET `collTimes`=collTimes+1 WHERE ( id = 17 ) [ RunTime:0.0100s ]

[ 2017-06-29T10:27:19+08:00 ] 58.101.0.140 /Public/fonts/glyphicons-halflings-regular.woff2
ERR: 无法加载控制器:Public

[ 2017-06-29T10:27:19+08:00 ] 58.101.0.140 /Public/fonts/glyphicons-halflings-regular.woff
ERR: 无法加载控制器:Public

[ 2017-06-29T10:27:19+08:00 ] 58.101.0.140 /Public/fonts/glyphicons-halflings-regular.ttf
ERR: 无法加载控制器:Public

[ 2017-06-29T10:27:21+08:00 ] 58.101.0.140 /Public/fonts/glyphicons-halflings-regular.woff2
ERR: 无法加载控制器:Public

[ 2017-06-29T10:27:21+08:00 ] 58.101.0.140 /Public/fonts/glyphicons-halflings-regular.woff
ERR: 无法加载控制器:Public

[ 2017-06-29T10:27:21+08:00 ] 58.101.0.140 /Public/fonts/glyphicons-halflings-regular.ttf
ERR: 无法加载控制器:Public

[ 2017-06-29T10:27:25+08:00 ] 58.101.0.140 /Public/fonts/glyphicons-halflings-regular.woff2
ERR: 无法加载控制器:Public

[ 2017-06-29T10:27:25+08:00 ] 58.101.0.140 /Public/fonts/glyphicons-halflings-regular.woff
ERR: 无法加载控制器:Public

[ 2017-06-29T10:27:25+08:00 ] 58.101.0.140 /Public/fonts/glyphicons-halflings-regular.ttf
ERR: 无法加载控制器:Public

[ 2017-06-29T10:36:47+08:00 ] 58.101.0.140 /index.php?s=/Index/collect.html
INFO: [ app_begin ] --START--
INFO: Run Behavior\ReadHtmlCacheBehavior [ RunTime:0.000034s ]
INFO: [ app_begin ] --END-- [ RunTime:0.000092s ]
SQL: SHOW COLUMNS FROM `tgwu_wares` [ RunTime:0.0022s ]
SQL: UPDATE `tgwu_wares` SET `collTimes`=collTimes+1 WHERE ( id = 23 ) [ RunTime:0.0079s ]

[ 2017-06-29T10:39:08+08:00 ] 101.226.68.141 /index.php?s=/Index/collect.html
INFO: [ app_begin ] --START--
INFO: Run Behavior\ReadHtmlCacheBehavior [ RunTime:0.000031s ]
INFO: [ app_begin ] --END-- [ RunTime:0.000078s ]
SQL: SHOW COLUMNS FROM `tgwu_wares` [ RunTime:0.0008s ]
SQL: UPDATE `tgwu_wares` SET `collTimes`=collTimes+1 WHERE ( id = 23 ) [ RunTime:0.0069s ]

[ 2017-06-29T10:41:23+08:00 ] 58.101.0.140 /index.php?s=/Index/collect.html
INFO: [ app_begin ] --START--
INFO: Run Behavior\ReadHtmlCacheBehavior [ RunTime:0.000051s ]
INFO: [ app_begin ] --END-- [ RunTime:0.000136s ]
SQL: SHOW COLUMNS FROM `tgwu_wares` [ RunTime:0.0009s ]
SQL: UPDATE `tgwu_wares` SET `collTimes`=collTimes+1 WHERE ( id = 23 ) [ RunTime:0.0257s ]

[ 2017-06-29T10:42:32+08:00 ] 101.226.68.141 /index.php?s=/Index/collect.html
INFO: [ app_begin ] --START--
INFO: Run Behavior\ReadHtmlCacheBehavior [ RunTime:0.000091s ]
INFO: [ app_begin ] --END-- [ RunTime:0.000186s ]
SQL: SHOW COLUMNS FROM `tgwu_wares` [ RunTime:0.0007s ]
SQL: UPDATE `tgwu_wares` SET `collTimes`=collTimes+1 WHERE ( id = 17 ) [ RunTime:0.0067s ]

[ 2017-06-29T10:50:03+08:00 ] 58.101.0.140 /index.php?s=/Index/collect.html
INFO: [ app_begin ] --START--
INFO: Run Behavior\ReadHtmlCacheBehavior [ RunTime:0.000034s ]
INFO: [ app_begin ] --END-- [ RunTime:0.000089s ]
SQL: SHOW COLUMNS FROM `tgwu_user` [ RunTime:0.0006s ]
SQL: SELECT `id` FROM `tgwu_user` WHERE ( openId = "" ) LIMIT 1   [ RunTime:0.0001s ]
SQL: SHOW COLUMNS FROM `tgwu_usercoll` [ RunTime:0.0003s ]
ERR: Think\Model:insert方法不存在！

[ 2017-06-29T10:54:08+08:00 ] 58.101.0.140 /index.php?s=/Index/collect.html
INFO: [ app_begin ] --START--
INFO: Run Behavior\ReadHtmlCacheBehavior [ RunTime:0.000035s ]
INFO: [ app_begin ] --END-- [ RunTime:0.000094s ]
SQL: SHOW COLUMNS FROM `tgwu_user` [ RunTime:0.0006s ]
SQL: SELECT `id` FROM `tgwu_user` WHERE ( openId = "" ) LIMIT 1   [ RunTime:0.0001s ]
SQL: SHOW COLUMNS FROM `tgwu_usercoll` [ RunTime:0.0003s ]
ERR: Think\Model:insert方法不存在！

[ 2017-06-29T10:54:31+08:00 ] 58.101.0.140 /index.php?s=/Index/collect.html
INFO: [ app_begin ] --START--
INFO: Run Behavior\ReadHtmlCacheBehavior [ RunTime:0.000030s ]
INFO: [ app_begin ] --END-- [ RunTime:0.000078s ]
SQL: SHOW COLUMNS FROM `tgwu_user` [ RunTime:0.0006s ]
SQL: SELECT `id` FROM `tgwu_user` WHERE ( openId = "" ) LIMIT 1   [ RunTime:0.0001s ]
SQL: SHOW COLUMNS FROM `tgwu_usercoll` [ RunTime:0.0003s ]
ERR: Think\Model:insert方法不存在！

[ 2017-06-29T10:54:42+08:00 ] 58.101.0.140 /index.php?s=/Index/collect.html
INFO: [ app_begin ] --START--
INFO: Run Behavior\ReadHtmlCacheBehavior [ RunTime:0.000029s ]
INFO: [ app_begin ] --END-- [ RunTime:0.000082s ]
SQL: SHOW COLUMNS FROM `tgwu_user` [ RunTime:0.0005s ]
SQL: SELECT `id` FROM `tgwu_user` WHERE ( openId = "" ) LIMIT 1   [ RunTime:0.0001s ]
SQL: SHOW COLUMNS FROM `tgwu_usercoll` [ RunTime:0.0003s ]
ERR: Think\Model:insert方法不存在！

[ 2017-06-29T10:54:56+08:00 ] 101.226.68.141 /index.php?s=/Index/collect.html
INFO: [ app_begin ] --START--
INFO: Run Behavior\ReadHtmlCacheBehavior [ RunTime:0.000033s ]
INFO: [ app_begin ] --END-- [ RunTime:0.000090s ]
SQL: SHOW COLUMNS FROM `tgwu_user` [ RunTime:0.0007s ]
SQL: SELECT `id` FROM `tgwu_user` WHERE ( openId = "" ) LIMIT 1   [ RunTime:0.0001s ]
SQL: SHOW COLUMNS FROM `tgwu_usercoll` [ RunTime:0.0078s ]
ERR: Think\Model:insert方法不存在！

[ 2017-06-29T10:55:04+08:00 ] 101.226.68.141 /index.php?s=/Index/collect.html
INFO: [ app_begin ] --START--
INFO: Run Behavior\ReadHtmlCacheBehavior [ RunTime:0.000032s ]
INFO: [ app_begin ] --END-- [ RunTime:0.000088s ]
SQL: SHOW COLUMNS FROM `tgwu_user` [ RunTime:0.0006s ]
SQL: SELECT `id` FROM `tgwu_user` WHERE ( openId = "" ) LIMIT 1   [ RunTime:0.0002s ]
SQL: SHOW COLUMNS FROM `tgwu_usercoll` [ RunTime:0.0006s ]
ERR: Think\Model:insert方法不存在！

[ 2017-06-29T10:55:05+08:00 ] 101.226.68.141 /index.php?s=/Index/collect.html
INFO: [ app_begin ] --START--
INFO: Run Behavior\ReadHtmlCacheBehavior [ RunTime:0.000030s ]
INFO: [ app_begin ] --END-- [ RunTime:0.000080s ]
SQL: SHOW COLUMNS FROM `tgwu_user` [ RunTime:0.0006s ]
SQL: SELECT `id` FROM `tgwu_user` WHERE ( openId = "" ) LIMIT 1   [ RunTime:0.0001s ]
SQL: SHOW COLUMNS FROM `tgwu_usercoll` [ RunTime:0.0003s ]
ERR: Think\Model:insert方法不存在！

[ 2017-06-29T10:56:24+08:00 ] 58.101.0.140 /index.php?s=/Index/collect.html
INFO: [ app_begin ] --START--
INFO: Run Behavior\ReadHtmlCacheBehavior [ RunTime:0.000027s ]
INFO: [ app_begin ] --END-- [ RunTime:0.000074s ]
SQL: SHOW COLUMNS FROM `tgwu_user` [ RunTime:0.0007s ]
SQL: SELECT `id` FROM `tgwu_user` WHERE ( openId = "" ) LIMIT 1   [ RunTime:0.0001s ]
SQL: SHOW COLUMNS FROM `tgwu_usercoll` [ RunTime:0.0003s ]
ERR: Think\Model:insert方法不存在！

[ 2017-06-29T10:58:25+08:00 ] 58.101.0.140 /index.php?s=/Index/collect.html
INFO: [ app_begin ] --START--
INFO: Run Behavior\ReadHtmlCacheBehavior [ RunTime:0.000036s ]
INFO: [ app_begin ] --END-- [ RunTime:0.000091s ]
SQL: SHOW COLUMNS FROM `tgwu_user` [ RunTime:0.0006s ]
SQL: SELECT `id` FROM `tgwu_user` WHERE ( openId = "" ) LIMIT 1   [ RunTime:0.0001s ]
SQL: SHOW COLUMNS FROM `tgwu_usercoll` [ RunTime:0.0003s ]
ERR: Think\Model:insert方法不存在！

[ 2017-06-29T11:00:08+08:00 ] 58.101.0.140 /index.php?s=/Index/collect.html
INFO: [ app_begin ] --START--
INFO: Run Behavior\ReadHtmlCacheBehavior [ RunTime:0.000055s ]
INFO: [ app_begin ] --END-- [ RunTime:0.000147s ]
SQL: SHOW COLUMNS FROM `tgwu_user` [ RunTime:0.0008s ]
SQL: SELECT `id` FROM `tgwu_user` WHERE ( openId = "" ) LIMIT 1   [ RunTime:0.0001s ]
SQL: SHOW COLUMNS FROM `tgwu_usercoll` [ RunTime:0.0004s ]
ERR: 1048:Column 'userId' cannot be null
 [ SQL语句 ] : INSERT INTO `tgwu_usercoll` (`userId`,`wareId`) VALUES (NULL,'18')
ERR: 1048:Column 'userId' cannot be null
 [ SQL语句 ] : INSERT INTO `tgwu_usercoll` (`userId`,`wareId`) VALUES (NULL,'18')

[ 2017-06-29T11:00:56+08:00 ] 58.101.0.140 /index.php?s=/Index/collect.html
INFO: [ app_begin ] --START--
INFO: Run Behavior\ReadHtmlCacheBehavior [ RunTime:0.000032s ]
INFO: [ app_begin ] --END-- [ RunTime:0.000086s ]

[ 2017-06-29T11:08:20+08:00 ] 101.226.68.141 /index.php?c=Invicode&a=callback&code=031hgR1v1QlBU90B6FZu1ymN1v1hgR11&state=1708162e6fdd61328e310ff972d00e7d
ERR: Think\Model:updateUserInfo方法不存在！

[ 2017-06-29T11:08:32+08:00 ] 101.226.68.141 /index.php?s=/Invicode/index.html
ERR: 1054:Unknown column 'Array' in 'where clause'
 [ SQL语句 ] : SELECT * FROM `tgwu_invitation` WHERE ( userId = Array ) LIMIT 1  

[ 2017-06-29T11:09:03+08:00 ] 101.226.68.141 /index.php?s=/Invicode/index.html
ERR: 1054:Unknown column 'Array' in 'where clause'
 [ SQL语句 ] : SELECT * FROM `tgwu_invitation` WHERE ( userId = Array ) LIMIT 1  

[ 2017-06-29T11:10:28+08:00 ] 101.226.68.141 /index.php?c=Invicode&a=callback&code=041bzjX41H9FaP1KIRX41BfkX41bzjX6&state=1708162e6fdd61328e310ff972d00e7d
ERR: Think\Model:updateUserInfo方法不存在！

[ 2017-06-29T11:15:41+08:00 ] 101.226.68.141 /index.php?s=/Index/collect.html
INFO: [ app_begin ] --START--
INFO: Run Behavior\ReadHtmlCacheBehavior [ RunTime:0.000033s ]
INFO: [ app_begin ] --END-- [ RunTime:0.000091s ]

[ 2017-06-29T11:15:43+08:00 ] 101.226.68.141 /index.php?s=/Index/collect.html
INFO: [ app_begin ] --START--
INFO: Run Behavior\ReadHtmlCacheBehavior [ RunTime:0.000047s ]
INFO: [ app_begin ] --END-- [ RunTime:0.000126s ]

[ 2017-06-29T11:15:43+08:00 ] 101.226.68.141 /index.php?s=/Index/collect.html
INFO: [ app_begin ] --START--
INFO: Run Behavior\ReadHtmlCacheBehavior [ RunTime:0.000026s ]
INFO: [ app_begin ] --END-- [ RunTime:0.000073s ]

[ 2017-06-29T11:16:04+08:00 ] 101.226.68.141 /index.php?s=/Index/collect.html
INFO: [ app_begin ] --START--
INFO: Run Behavior\ReadHtmlCacheBehavior [ RunTime:0.000055s ]
INFO: [ app_begin ] --END-- [ RunTime:0.000137s ]

[ 2017-06-29T11:18:53+08:00 ] 101.226.68.141 /index.php?s=/Index/collect.html
INFO: [ app_begin ] --START--
INFO: Run Behavior\ReadHtmlCacheBehavior [ RunTime:0.000033s ]
INFO: [ app_begin ] --END-- [ RunTime:0.000089s ]
SQL: SHOW COLUMNS FROM `tgwu_user` [ RunTime:0.0006s ]
SQL: SELECT `id` FROM `tgwu_user` WHERE ( openId = "" ) LIMIT 1   [ RunTime:0.0001s ]
SQL: SHOW COLUMNS FROM `tgwu_usercoll` [ RunTime:0.0003s ]
ERR: 1048:Column 'userId' cannot be null
 [ SQL语句 ] : INSERT INTO `tgwu_usercoll` (`userId`,`wareId`) VALUES (NULL,'21')
ERR: 1048:Column 'userId' cannot be null
 [ SQL语句 ] : INSERT INTO `tgwu_usercoll` (`userId`,`wareId`) VALUES (NULL,'21')

[ 2017-06-29T11:18:54+08:00 ] 101.226.68.141 /index.php?s=/Index/collect.html
INFO: [ app_begin ] --START--
INFO: Run Behavior\ReadHtmlCacheBehavior [ RunTime:0.000030s ]
INFO: [ app_begin ] --END-- [ RunTime:0.000079s ]
SQL: SHOW COLUMNS FROM `tgwu_user` [ RunTime:0.0006s ]
SQL: SELECT `id` FROM `tgwu_user` WHERE ( openId = "" ) LIMIT 1   [ RunTime:0.0001s ]
SQL: SHOW COLUMNS FROM `tgwu_usercoll` [ RunTime:0.0003s ]
ERR: 1048:Column 'userId' cannot be null
 [ SQL语句 ] : INSERT INTO `tgwu_usercoll` (`userId`,`wareId`) VALUES (NULL,'21')
ERR: 1048:Column 'userId' cannot be null
 [ SQL语句 ] : INSERT INTO `tgwu_usercoll` (`userId`,`wareId`) VALUES (NULL,'21')

[ 2017-06-29T11:18:56+08:00 ] 101.226.68.141 /index.php?s=/Index/collect.html
INFO: [ app_begin ] --START--
INFO: Run Behavior\ReadHtmlCacheBehavior [ RunTime:0.000054s ]
INFO: [ app_begin ] --END-- [ RunTime:0.000138s ]
SQL: SHOW COLUMNS FROM `tgwu_user` [ RunTime:0.0005s ]
SQL: SELECT `id` FROM `tgwu_user` WHERE ( openId = "" ) LIMIT 1   [ RunTime:0.0001s ]
SQL: SHOW COLUMNS FROM `tgwu_usercoll` [ RunTime:0.0006s ]
ERR: 1048:Column 'userId' cannot be null
 [ SQL语句 ] : INSERT INTO `tgwu_usercoll` (`userId`,`wareId`) VALUES (NULL,'21')
ERR: 1048:Column 'userId' cannot be null
 [ SQL语句 ] : INSERT INTO `tgwu_usercoll` (`userId`,`wareId`) VALUES (NULL,'21')

[ 2017-06-29T11:18:57+08:00 ] 101.226.68.141 /index.php?s=/Index/collect.html
INFO: [ app_begin ] --START--
INFO: Run Behavior\ReadHtmlCacheBehavior [ RunTime:0.000025s ]
INFO: [ app_begin ] --END-- [ RunTime:0.000071s ]
SQL: SHOW COLUMNS FROM `tgwu_user` [ RunTime:0.0006s ]
SQL: SELECT `id` FROM `tgwu_user` WHERE ( openId = "" ) LIMIT 1   [ RunTime:0.0001s ]
SQL: SHOW COLUMNS FROM `tgwu_usercoll` [ RunTime:0.0003s ]
ERR: 1048:Column 'userId' cannot be null
 [ SQL语句 ] : INSERT INTO `tgwu_usercoll` (`userId`,`wareId`) VALUES (NULL,'21')
ERR: 1048:Column 'userId' cannot be null
 [ SQL语句 ] : INSERT INTO `tgwu_usercoll` (`userId`,`wareId`) VALUES (NULL,'21')

[ 2017-06-29T11:19:00+08:00 ] 117.185.27.98 /index.php?s=/Index/collect.html
INFO: [ app_begin ] --START--
INFO: Run Behavior\ReadHtmlCacheBehavior [ RunTime:0.000044s ]
INFO: [ app_begin ] --END-- [ RunTime:0.000124s ]
SQL: SHOW COLUMNS FROM `tgwu_user` [ RunTime:0.0006s ]
SQL: SELECT `id` FROM `tgwu_user` WHERE ( openId = "" ) LIMIT 1   [ RunTime:0.0001s ]
SQL: SHOW COLUMNS FROM `tgwu_usercoll` [ RunTime:0.0004s ]
ERR: 1048:Column 'userId' cannot be null
 [ SQL语句 ] : INSERT INTO `tgwu_usercoll` (`userId`,`wareId`) VALUES (NULL,'18')
ERR: 1048:Column 'userId' cannot be null
 [ SQL语句 ] : INSERT INTO `tgwu_usercoll` (`userId`,`wareId`) VALUES (NULL,'18')

[ 2017-06-29T11:19:57+08:00 ] 117.185.27.98 /index.php?s=/Index/collect.html
INFO: [ app_begin ] --START--
INFO: Run Behavior\ReadHtmlCacheBehavior [ RunTime:0.000060s ]
INFO: [ app_begin ] --END-- [ RunTime:0.000156s ]
SQL: SHOW COLUMNS FROM `tgwu_wares` [ RunTime:0.0006s ]
SQL: UPDATE `tgwu_wares` SET `collTimes`=collTimes+1 WHERE ( id = 20 ) [ RunTime:0.0059s ]

[ 2017-06-29T11:20:05+08:00 ] 101.226.68.141 /index.php?s=/Index/collect.html
INFO: [ app_begin ] --START--
INFO: Run Behavior\ReadHtmlCacheBehavior [ RunTime:0.000029s ]
INFO: [ app_begin ] --END-- [ RunTime:0.000083s ]
SQL: SHOW COLUMNS FROM `tgwu_wares` [ RunTime:0.0005s ]
SQL: UPDATE `tgwu_wares` SET `collTimes`=collTimes+1 WHERE ( id = 23 ) [ RunTime:0.0061s ]

[ 2017-06-29T11:20:08+08:00 ] 101.226.68.141 /index.php?s=/Index/collect.html
INFO: [ app_begin ] --START--
INFO: Run Behavior\ReadHtmlCacheBehavior [ RunTime:0.000031s ]
INFO: [ app_begin ] --END-- [ RunTime:0.000086s ]
SQL: SHOW COLUMNS FROM `tgwu_wares` [ RunTime:0.0005s ]
SQL: UPDATE `tgwu_wares` SET `collTimes`=collTimes+1 WHERE ( id = 20 ) [ RunTime:0.0068s ]

[ 2017-06-29T11:30:30+08:00 ] 58.101.0.140 /index.php?s=/Index/collect.html
INFO: [ app_begin ] --START--
INFO: Run Behavior\ReadHtmlCacheBehavior [ RunTime:0.000035s ]
INFO: [ app_begin ] --END-- [ RunTime:0.000091s ]

