[ 2017-06-29T10:27:15+08:00 ] 58.101.0.140 /admin.php?c=Login&a=check
INFO: [ app_begin ] --START--
INFO: Run Behavior\ReadHtmlCacheBehavior [ RunTime:0.000029s ]
INFO: [ app_begin ] --END-- [ RunTime:0.000080s ]
SQL: SHOW COLUMNS FROM `tgwu_admin` [ RunTime:0.0005s ]
SQL: SELECT * FROM `tgwu_admin` WHERE ( adminName="zhuyunling" ) LIMIT 1   [ RunTime:0.0002s ]

[ 2017-06-29T13:18:52+08:00 ] 58.101.0.140 /admin.php?c=Login&a=check
INFO: [ app_begin ] --START--
INFO: Run Behavior\ReadHtmlCacheBehavior [ RunTime:0.000034s ]
INFO: [ app_begin ] --END-- [ RunTime:0.000089s ]
SQL: SHOW COLUMNS FROM `tgwu_admin` [ RunTime:0.0006s ]
SQL: SELECT * FROM `tgwu_admin` WHERE ( adminName="zhuyunling" ) LIMIT 1   [ RunTime:0.0001s ]

[ 2017-06-29T15:22:30+08:00 ] 58.101.0.140 /admin.php?c=Login&a=check
INFO: [ app_begin ] --START--
INFO: Run Behavior\ReadHtmlCacheBehavior [ RunTime:0.000043s ]
INFO: [ app_begin ] --END-- [ RunTime:0.000125s ]
SQL: SHOW COLUMNS FROM `tgwu_admin` [ RunTime:0.0006s ]
SQL: SELECT * FROM `tgwu_admin` WHERE ( adminName="zhuyunling" ) LIMIT 1   [ RunTime:0.0001s ]

[ 2017-06-29T17:00:36+08:00 ] 58.101.0.140 /admin.php?s=/Invitation/save.html
INFO: [ app_begin ] --START--
INFO: Run Behavior\ReadHtmlCacheBehavior [ RunTime:0.000032s ]
INFO: [ app_begin ] --END-- [ RunTime:0.000088s ]
SQL: SHOW COLUMNS FROM `tgwu_invitation` [ RunTime:0.0006s ]
SQL: INSERT INTO `tgwu_invitation` (`invitationCode`,`invitationCtime`,`invitationEtime`) VALUES ('9Q9BE7','1498726836','1503910836') [ RunTime:0.0120s ]
SQL: INSERT INTO `tgwu_invitation` (`invitationCode`,`invitationCtime`,`invitationEtime`) VALUES ('QLD7GH','1498726836','1503910836') [ RunTime:0.0044s ]
SQL: INSERT INTO `tgwu_invitation` (`invitationCode`,`invitationCtime`,`invitationEtime`) VALUES ('VPFJV6','1498726836','1503910836') [ RunTime:0.0040s ]
SQL: INSERT INTO `tgwu_invitation` (`invitationCode`,`invitationCtime`,`invitationEtime`) VALUES ('TL6N0D','1498726836','1503910836') [ RunTime:0.0042s ]
SQL: INSERT INTO `tgwu_invitation` (`invitationCode`,`invitationCtime`,`invitationEtime`) VALUES ('9OQ2RI','1498726836','1503910836') [ RunTime:0.0040s ]
SQL: INSERT INTO `tgwu_invitation` (`invitationCode`,`invitationCtime`,`invitationEtime`) VALUES ('OPC52H','1498726836','1503910836') [ RunTime:0.0039s ]
SQL: INSERT INTO `tgwu_invitation` (`invitationCode`,`invitationCtime`,`invitationEtime`) VALUES ('9KATDQ','1498726836','1503910836') [ RunTime:0.0040s ]
SQL: INSERT INTO `tgwu_invitation` (`invitationCode`,`invitationCtime`,`invitationEtime`) VALUES ('LO7VMR','1498726836','1503910836') [ RunTime:0.0043s ]
SQL: INSERT INTO `tgwu_invitation` (`invitationCode`,`invitationCtime`,`invitationEtime`) VALUES ('V3C7VI','1498726836','1503910836') [ RunTime:0.0042s ]
SQL: INSERT INTO `tgwu_invitation` (`invitationCode`,`invitationCtime`,`invitationEtime`) VALUES ('64K10D','1498726836','1503910836') [ RunTime:0.0041s ]
SQL: INSERT INTO `tgwu_invitation` (`invitationCode`,`invitationCtime`,`invitationEtime`) VALUES ('5BB56A','1498726836','1503910836') [ RunTime:0.0043s ]
SQL: INSERT INTO `tgwu_invitation` (`invitationCode`,`invitationCtime`,`invitationEtime`) VALUES ('BKNB15','1498726836','1503910836') [ RunTime:0.0044s ]
SQL: INSERT INTO `tgwu_invitation` (`invitationCode`,`invitationCtime`,`invitationEtime`) VALUES ('AFJVQ3','1498726836','1503910836') [ RunTime:0.0443s ]
SQL: INSERT INTO `tgwu_invitation` (`invitationCode`,`invitationCtime`,`invitationEtime`) VALUES ('J4CHPM','1498726836','1503910836') [ RunTime:0.0042s ]
SQL: INSERT INTO `tgwu_invitation` (`invitationCode`,`invitationCtime`,`invitationEtime`) VALUES ('G3I0VJ','1498726836','1503910836') [ RunTime:0.0211s ]
SQL: INSERT INTO `tgwu_invitation` (`invitationCode`,`invitationCtime`,`invitationEtime`) VALUES ('K0KTKN','1498726836','1503910836') [ RunTime:0.0054s ]
SQL: INSERT INTO `tgwu_invitation` (`invitationCode`,`invitationCtime`,`invitationEtime`) VALUES ('ET5OTE','1498726836','1503910836') [ RunTime:0.0041s ]
SQL: INSERT INTO `tgwu_invitation` (`invitationCode`,`invitationCtime`,`invitationEtime`) VALUES ('2GVSML','1498726836','1503910836') [ RunTime:0.0054s ]
SQL: INSERT INTO `tgwu_invitation` (`invitationCode`,`invitationCtime`,`invitationEtime`) VALUES ('VT9TDF','1498726836','1503910836') [ RunTime:0.0061s ]
SQL: INSERT INTO `tgwu_invitation` (`invitationCode`,`invitationCtime`,`invitationEtime`) VALUES ('V9V43H','1498726836','1503910836') [ RunTime:0.0067s ]
SQL: INSERT INTO `tgwu_invitation` (`invitationCode`,`invitationCtime`,`invitationEtime`) VALUES ('JKJ36I','1498726836','1503910836') [ RunTime:0.0071s ]
SQL: INSERT INTO `tgwu_invitation` (`invitationCode`,`invitationCtime`,`invitationEtime`) VALUES ('62Q3I2','1498726836','1503910836') [ RunTime:0.0063s ]
SQL: INSERT INTO `tgwu_invitation` (`invitationCode`,`invitationCtime`,`invitationEtime`) VALUES ('12RUCA','1498726836','1503910836') [ RunTime:0.0052s ]
NOTIC: [8] Undefined variable: errors /home/www/wxmsg/Application/Admin/Controller/InvitationController.class.php 第 104 行.

[ 2017-06-29T17:31:00+08:00 ] 58.101.0.140 /admin.php?s=/Invitation/delete.html
INFO: [ app_begin ] --START--
INFO: Run Behavior\ReadHtmlCacheBehavior [ RunTime:0.000030s ]
INFO: [ app_begin ] --END-- [ RunTime:0.000084s ]
SQL: SHOW COLUMNS FROM `tgwu_invitation` [ RunTime:0.0005s ]
SQL: DELETE FROM `tgwu_invitation` WHERE ( id= 43 ) [ RunTime:0.0055s ]

[ 2017-06-29T17:31:10+08:00 ] 58.101.0.140 /admin.php?s=/Carousel/edit.html?id=7
ERR: 非法操作:edit.html?id=7

